-- Found ament_cmake: 1.3.5 (/opt/ros/humble/share/ament_cmake/cmake)
-- Found rclcpp: 16.0.5 (/opt/ros/humble/share/rclcpp/cmake)
-- Found rosidl_generator_c: 3.1.5 (/opt/ros/humble/share/rosidl_generator_c/cmake)
-- Found rosidl_adapter: 3.1.5 (/opt/ros/humble/share/rosidl_adapter/cmake)
-- Found rosidl_generator_cpp: 3.1.5 (/opt/ros/humble/share/rosidl_generator_cpp/cmake)
-- Using all available rosidl_typesupport_c: rosidl_typesupport_fastrtps_c;rosidl_typesupport_introspection_c
-- Using all available rosidl_typesupport_cpp: rosidl_typesupport_fastrtps_cpp;rosidl_typesupport_introspection_cpp
-- Found rmw_implementation_cmake: 6.1.1 (/opt/ros/humble/share/rmw_implementation_cmake/cmake)
-- Found rmw_fastrtps_cpp: 6.2.3 (/opt/ros/humble/share/rmw_fastrtps_cpp/cmake)
-- Using RMW implementation 'rmw_fastrtps_cpp' as default
-- Found ament_lint_auto: 0.12.7 (/opt/ros/humble/share/ament_lint_auto/cmake)
-- Added test 'lint_cmake' to check CMake code style
-- Added test 'xmllint' to check XML markup files
-- Configuring done
-- Generating done
-- Build files have been written to: /home/jeffh/ros2_ws/build/my_cpp_pkg
-- Install configuration: ""
-- Up-to-date: /home/jeffh/ros2_ws/install/my_cpp_pkg/share/ament_index/resource_index/package_run_dependencies/my_cpp_pkg
-- Installing: /home/jeffh/ros2_ws/install/my_cpp_pkg/share/ament_index/resource_index/parent_prefix_path/my_cpp_pkg
-- Installing: /home/jeffh/ros2_ws/install/my_cpp_pkg/share/my_cpp_pkg/environment/ament_prefix_path.sh
-- Installing: /home/jeffh/ros2_ws/install/my_cpp_pkg/share/my_cpp_pkg/environment/ament_prefix_path.dsv
-- Installing: /home/jeffh/ros2_ws/install/my_cpp_pkg/share/my_cpp_pkg/environment/path.sh
-- Installing: /home/jeffh/ros2_ws/install/my_cpp_pkg/share/my_cpp_pkg/environment/path.dsv
-- Up-to-date: /home/jeffh/ros2_ws/install/my_cpp_pkg/share/my_cpp_pkg/local_setup.bash
-- Up-to-date: /home/jeffh/ros2_ws/install/my_cpp_pkg/share/my_cpp_pkg/local_setup.sh
-- Up-to-date: /home/jeffh/ros2_ws/install/my_cpp_pkg/share/my_cpp_pkg/local_setup.zsh
-- Installing: /home/jeffh/ros2_ws/install/my_cpp_pkg/share/my_cpp_pkg/local_setup.dsv
-- Installing: /home/jeffh/ros2_ws/install/my_cpp_pkg/share/my_cpp_pkg/package.dsv
-- Up-to-date: /home/jeffh/ros2_ws/install/my_cpp_pkg/share/ament_index/resource_index/packages/my_cpp_pkg
-- Up-to-date: /home/jeffh/ros2_ws/install/my_cpp_pkg/share/my_cpp_pkg/cmake/my_cpp_pkgConfig.cmake
-- Up-to-date: /home/jeffh/ros2_ws/install/my_cpp_pkg/share/my_cpp_pkg/cmake/my_cpp_pkgConfig-version.cmake
-- Up-to-date: /home/jeffh/ros2_ws/install/my_cpp_pkg/share/my_cpp_pkg/package.xml
