[0.022s] Invoking command in '/home/jeffh/ros2_ws/build/my_cpp_pkg': CMAKE_PREFIX_PATH=${CMAKE_PREFIX_PATH}:/home/jeffh/ros2_ws/install/tank_control_pkg:/home/jeffh/ros2_ws/install/my_py_pkg:/opt/ros/humble /usr/bin/cmake --build /home/jeffh/ros2_ws/build/my_cpp_pkg -- -j8 -l8
[0.200s] -- Found ament_cmake: 1.3.5 (/opt/ros/humble/share/ament_cmake/cmake)
[0.200s] -- Found rclcpp: 16.0.5 (/opt/ros/humble/share/rclcpp/cmake)
[0.201s] -- Found rosidl_generator_c: 3.1.5 (/opt/ros/humble/share/rosidl_generator_c/cmake)
[0.204s] -- Found rosidl_adapter: 3.1.5 (/opt/ros/humble/share/rosidl_adapter/cmake)
[0.212s] -- Found rosidl_generator_cpp: 3.1.5 (/opt/ros/humble/share/rosidl_generator_cpp/cmake)
[0.224s] -- Using all available rosidl_typesupport_c: rosidl_typesupport_fastrtps_c;rosidl_typesupport_introspection_c
[0.239s] -- Using all available rosidl_typesupport_cpp: rosidl_typesupport_fastrtps_cpp;rosidl_typesupport_introspection_cpp
[0.291s] -- Found rmw_implementation_cmake: 6.1.1 (/opt/ros/humble/share/rmw_implementation_cmake/cmake)
[0.293s] -- Found rmw_fastrtps_cpp: 6.2.3 (/opt/ros/humble/share/rmw_fastrtps_cpp/cmake)
[0.381s] -- Using RMW implementation 'rmw_fastrtps_cpp' as default
[0.527s] -- Found ament_lint_auto: 0.12.7 (/opt/ros/humble/share/ament_lint_auto/cmake)
[0.592s] -- Added test 'lint_cmake' to check CMake code style
[0.593s] -- Added test 'xmllint' to check XML markup files
[0.594s] -- Configuring done
[0.598s] -- Generating done
[0.599s] -- Build files have been written to: /home/jeffh/ros2_ws/build/my_cpp_pkg
[0.619s] Invoked command in '/home/jeffh/ros2_ws/build/my_cpp_pkg' returned '0': CMAKE_PREFIX_PATH=${CMAKE_PREFIX_PATH}:/home/jeffh/ros2_ws/install/tank_control_pkg:/home/jeffh/ros2_ws/install/my_py_pkg:/opt/ros/humble /usr/bin/cmake --build /home/jeffh/ros2_ws/build/my_cpp_pkg -- -j8 -l8
[0.643s] Invoking command in '/home/jeffh/ros2_ws/build/my_cpp_pkg': CMAKE_PREFIX_PATH=${CMAKE_PREFIX_PATH}:/home/jeffh/ros2_ws/install/tank_control_pkg:/home/jeffh/ros2_ws/install/my_py_pkg:/opt/ros/humble /usr/bin/cmake --install /home/jeffh/ros2_ws/build/my_cpp_pkg
[0.647s] -- Install configuration: ""
[0.648s] -- Up-to-date: /home/jeffh/ros2_ws/install/my_cpp_pkg/share/ament_index/resource_index/package_run_dependencies/my_cpp_pkg
[0.648s] -- Installing: /home/jeffh/ros2_ws/install/my_cpp_pkg/share/ament_index/resource_index/parent_prefix_path/my_cpp_pkg
[0.648s] -- Installing: /home/jeffh/ros2_ws/install/my_cpp_pkg/share/my_cpp_pkg/environment/ament_prefix_path.sh
[0.648s] -- Installing: /home/jeffh/ros2_ws/install/my_cpp_pkg/share/my_cpp_pkg/environment/ament_prefix_path.dsv
[0.648s] -- Installing: /home/jeffh/ros2_ws/install/my_cpp_pkg/share/my_cpp_pkg/environment/path.sh
[0.648s] -- Installing: /home/jeffh/ros2_ws/install/my_cpp_pkg/share/my_cpp_pkg/environment/path.dsv
[0.648s] -- Up-to-date: /home/jeffh/ros2_ws/install/my_cpp_pkg/share/my_cpp_pkg/local_setup.bash
[0.648s] -- Up-to-date: /home/jeffh/ros2_ws/install/my_cpp_pkg/share/my_cpp_pkg/local_setup.sh
[0.648s] -- Up-to-date: /home/jeffh/ros2_ws/install/my_cpp_pkg/share/my_cpp_pkg/local_setup.zsh
[0.648s] -- Installing: /home/jeffh/ros2_ws/install/my_cpp_pkg/share/my_cpp_pkg/local_setup.dsv
[0.648s] -- Installing: /home/jeffh/ros2_ws/install/my_cpp_pkg/share/my_cpp_pkg/package.dsv
[0.648s] -- Up-to-date: /home/jeffh/ros2_ws/install/my_cpp_pkg/share/ament_index/resource_index/packages/my_cpp_pkg
[0.648s] -- Up-to-date: /home/jeffh/ros2_ws/install/my_cpp_pkg/share/my_cpp_pkg/cmake/my_cpp_pkgConfig.cmake
[0.648s] -- Up-to-date: /home/jeffh/ros2_ws/install/my_cpp_pkg/share/my_cpp_pkg/cmake/my_cpp_pkgConfig-version.cmake
[0.648s] -- Up-to-date: /home/jeffh/ros2_ws/install/my_cpp_pkg/share/my_cpp_pkg/package.xml
[0.650s] Invoked command in '/home/jeffh/ros2_ws/build/my_cpp_pkg' returned '0': CMAKE_PREFIX_PATH=${CMAKE_PREFIX_PATH}:/home/jeffh/ros2_ws/install/tank_control_pkg:/home/jeffh/ros2_ws/install/my_py_pkg:/opt/ros/humble /usr/bin/cmake --install /home/jeffh/ros2_ws/build/my_cpp_pkg
