[0.378s] Invoking command in '/home/jeffh/ros2_ws/src/my_py_pkg': PYTHONPATH=/home/jeffh/ros2_ws/build/my_py_pkg/prefix_override:/home/jeffh/ros2_ws/install/my_py_pkg/lib/python3.10/site-packages:${PYTHONPATH} /usr/bin/python3 setup.py egg_info --egg-base ../../build/my_py_pkg build --build-base /home/jeffh/ros2_ws/build/my_py_pkg/build install --record /home/jeffh/ros2_ws/build/my_py_pkg/install.log --single-version-externally-managed
[0.524s] running egg_info
[0.524s] writing ../../build/my_py_pkg/my_py_pkg.egg-info/PKG-INFO
[0.524s] writing dependency_links to ../../build/my_py_pkg/my_py_pkg.egg-info/dependency_links.txt
[0.524s] writing entry points to ../../build/my_py_pkg/my_py_pkg.egg-info/entry_points.txt
[0.524s] writing requirements to ../../build/my_py_pkg/my_py_pkg.egg-info/requires.txt
[0.525s] writing top-level names to ../../build/my_py_pkg/my_py_pkg.egg-info/top_level.txt
[0.526s] reading manifest file '../../build/my_py_pkg/my_py_pkg.egg-info/SOURCES.txt'
[0.527s] writing manifest file '../../build/my_py_pkg/my_py_pkg.egg-info/SOURCES.txt'
[0.527s] running build
[0.527s] running build_py
[0.527s] copying my_py_pkg/my_first_node.py -> /home/jeffh/ros2_ws/build/my_py_pkg/build/lib/my_py_pkg
[0.527s] running install
[0.528s] running install_lib
[0.529s] copying /home/jeffh/ros2_ws/build/my_py_pkg/build/lib/my_py_pkg/my_first_node.py -> /home/jeffh/ros2_ws/install/my_py_pkg/lib/python3.10/site-packages/my_py_pkg
[0.529s] byte-compiling /home/jeffh/ros2_ws/install/my_py_pkg/lib/python3.10/site-packages/my_py_pkg/my_first_node.py to my_first_node.cpython-310.pyc
[0.529s]   File "/home/jeffh/ros2_ws/install/my_py_pkg/lib/python3.10/site-packages/my_py_pkg/my_first_node.py", line 15
[0.530s]     self.get_logger().info("Hello " str(self.counter_))
[0.530s]                            ^^^^^^^^^^^^^^^^^^^^^^^^^^^
[0.530s] SyntaxError: invalid syntax. Perhaps you forgot a comma?
[0.530s] 
[0.530s] running install_data
[0.530s] running install_egg_info
[0.531s] removing '/home/jeffh/ros2_ws/install/my_py_pkg/lib/python3.10/site-packages/my_py_pkg-0.0.0-py3.10.egg-info' (and everything under it)
[0.532s] Copying ../../build/my_py_pkg/my_py_pkg.egg-info to /home/jeffh/ros2_ws/install/my_py_pkg/lib/python3.10/site-packages/my_py_pkg-0.0.0-py3.10.egg-info
[0.532s] running install_scripts
[0.546s] Installing py_node script to /home/jeffh/ros2_ws/install/my_py_pkg/lib/my_py_pkg
[0.546s] writing list of installed files to '/home/jeffh/ros2_ws/build/my_py_pkg/install.log'
[0.567s] Invoked command in '/home/jeffh/ros2_ws/src/my_py_pkg' returned '0': PYTHONPATH=/home/jeffh/ros2_ws/build/my_py_pkg/prefix_override:/home/jeffh/ros2_ws/install/my_py_pkg/lib/python3.10/site-packages:${PYTHONPATH} /usr/bin/python3 setup.py egg_info --egg-base ../../build/my_py_pkg build --build-base /home/jeffh/ros2_ws/build/my_py_pkg/build install --record /home/jeffh/ros2_ws/build/my_py_pkg/install.log --single-version-externally-managed
