[0.421s] Invoking command in '/home/jeffh/ros2_ws/src/my_py_pkg': PYTHONPATH=/home/jeffh/ros2_ws/build/my_py_pkg/prefix_override:/home/jeffh/ros2_ws/install/my_py_pkg/lib/python3.10/site-packages:${PYTHONPATH} /usr/bin/python3 setup.py egg_info --egg-base ../../build/my_py_pkg build --build-base /home/jeffh/ros2_ws/build/my_py_pkg/build install --record /home/jeffh/ros2_ws/build/my_py_pkg/install.log --single-version-externally-managed
[0.594s] running egg_info
[0.594s] writing ../../build/my_py_pkg/my_py_pkg.egg-info/PKG-INFO
[0.594s] writing dependency_links to ../../build/my_py_pkg/my_py_pkg.egg-info/dependency_links.txt
[0.594s] writing entry points to ../../build/my_py_pkg/my_py_pkg.egg-info/entry_points.txt
[0.594s] writing requirements to ../../build/my_py_pkg/my_py_pkg.egg-info/requires.txt
[0.595s] writing top-level names to ../../build/my_py_pkg/my_py_pkg.egg-info/top_level.txt
[0.595s] reading manifest file '../../build/my_py_pkg/my_py_pkg.egg-info/SOURCES.txt'
[0.596s] writing manifest file '../../build/my_py_pkg/my_py_pkg.egg-info/SOURCES.txt'
[0.596s] running build
[0.596s] running build_py
[0.596s] running install
[0.597s] running install_lib
[0.597s] running install_data
[0.598s] running install_egg_info
[0.599s] removing '/home/jeffh/ros2_ws/install/my_py_pkg/lib/python3.10/site-packages/my_py_pkg-0.0.0-py3.10.egg-info' (and everything under it)
[0.599s] Copying ../../build/my_py_pkg/my_py_pkg.egg-info to /home/jeffh/ros2_ws/install/my_py_pkg/lib/python3.10/site-packages/my_py_pkg-0.0.0-py3.10.egg-info
[0.599s] running install_scripts
[0.612s] writing list of installed files to '/home/jeffh/ros2_ws/build/my_py_pkg/install.log'
[0.636s] Invoked command in '/home/jeffh/ros2_ws/src/my_py_pkg' returned '0': PYTHONPATH=/home/jeffh/ros2_ws/build/my_py_pkg/prefix_override:/home/jeffh/ros2_ws/install/my_py_pkg/lib/python3.10/site-packages:${PYTHONPATH} /usr/bin/python3 setup.py egg_info --egg-base ../../build/my_py_pkg build --build-base /home/jeffh/ros2_ws/build/my_py_pkg/build install --record /home/jeffh/ros2_ws/build/my_py_pkg/install.log --single-version-externally-managed
