running egg_info
writing ../../build/led_control_pkg/led_control_pkg.egg-info/PKG-INFO
writing dependency_links to ../../build/led_control_pkg/led_control_pkg.egg-info/dependency_links.txt
writing entry points to ../../build/led_control_pkg/led_control_pkg.egg-info/entry_points.txt
writing requirements to ../../build/led_control_pkg/led_control_pkg.egg-info/requires.txt
writing top-level names to ../../build/led_control_pkg/led_control_pkg.egg-info/top_level.txt
reading manifest file '../../build/led_control_pkg/led_control_pkg.egg-info/SOURCES.txt'
writing manifest file '../../build/led_control_pkg/led_control_pkg.egg-info/SOURCES.txt'
running build
running build_py
copying led_control_pkg/led_control.py -> /home/jeffh/ros2_ws/build/led_control_pkg/build/lib/led_control_pkg
running install
running install_lib
copying /home/jeffh/ros2_ws/build/led_control_pkg/build/lib/led_control_pkg/led_control.py -> /home/jeffh/ros2_ws/install/led_control_pkg/lib/python3.10/site-packages/led_control_pkg
byte-compiling /home/jeffh/ros2_ws/install/led_control_pkg/lib/python3.10/site-packages/led_control_pkg/led_control.py to led_control.cpython-310.pyc
running install_data
running install_egg_info
removing '/home/jeffh/ros2_ws/install/led_control_pkg/lib/python3.10/site-packages/led_control_pkg-0.0.0-py3.10.egg-info' (and everything under it)
Copying ../../build/led_control_pkg/led_control_pkg.egg-info to /home/jeffh/ros2_ws/install/led_control_pkg/lib/python3.10/site-packages/led_control_pkg-0.0.0-py3.10.egg-info
running install_scripts
Installing led_control script to /home/jeffh/ros2_ws/install/led_control_pkg/lib/led_control_pkg
writing list of installed files to '/home/jeffh/ros2_ws/build/led_control_pkg/install.log'
