[0.023s] Invoking command in '/home/jeffh/ros2_ws/build/my_cpp_pkg': CMAKE_PREFIX_PATH=${CMAKE_PREFIX_PATH}:/home/jeffh/ros2_ws/install/tank_control_pkg:/home/jeffh/ros2_ws/install/my_py_pkg:/opt/ros/humble /usr/bin/cmake --build /home/jeffh/ros2_ws/build/my_cpp_pkg -- -j8 -l8
[0.365s] Invoked command in '/home/jeffh/ros2_ws/build/my_cpp_pkg' returned '0': CMAKE_PREFIX_PATH=${CMAKE_PREFIX_PATH}:/home/jeffh/ros2_ws/install/tank_control_pkg:/home/jeffh/ros2_ws/install/my_py_pkg:/opt/ros/humble /usr/bin/cmake --build /home/jeffh/ros2_ws/build/my_cpp_pkg -- -j8 -l8
[0.385s] Invoking command in '/home/jeffh/ros2_ws/build/my_cpp_pkg': CMAKE_PREFIX_PATH=${CMAKE_PREFIX_PATH}:/home/jeffh/ros2_ws/install/tank_control_pkg:/home/jeffh/ros2_ws/install/my_py_pkg:/opt/ros/humble /usr/bin/cmake --install /home/jeffh/ros2_ws/build/my_cpp_pkg
[0.391s] -- Install configuration: ""
[0.391s] -- Up-to-date: /home/jeffh/ros2_ws/install/my_cpp_pkg/share/ament_index/resource_index/package_run_dependencies/my_cpp_pkg
[0.391s] -- Up-to-date: /home/jeffh/ros2_ws/install/my_cpp_pkg/share/ament_index/resource_index/parent_prefix_path/my_cpp_pkg
[0.391s] -- Up-to-date: /home/jeffh/ros2_ws/install/my_cpp_pkg/share/my_cpp_pkg/environment/ament_prefix_path.sh
[0.391s] -- Up-to-date: /home/jeffh/ros2_ws/install/my_cpp_pkg/share/my_cpp_pkg/environment/ament_prefix_path.dsv
[0.391s] -- Up-to-date: /home/jeffh/ros2_ws/install/my_cpp_pkg/share/my_cpp_pkg/environment/path.sh
[0.391s] -- Up-to-date: /home/jeffh/ros2_ws/install/my_cpp_pkg/share/my_cpp_pkg/environment/path.dsv
[0.391s] -- Up-to-date: /home/jeffh/ros2_ws/install/my_cpp_pkg/share/my_cpp_pkg/local_setup.bash
[0.391s] -- Up-to-date: /home/jeffh/ros2_ws/install/my_cpp_pkg/share/my_cpp_pkg/local_setup.sh
[0.391s] -- Up-to-date: /home/jeffh/ros2_ws/install/my_cpp_pkg/share/my_cpp_pkg/local_setup.zsh
[0.391s] -- Up-to-date: /home/jeffh/ros2_ws/install/my_cpp_pkg/share/my_cpp_pkg/local_setup.dsv
[0.391s] -- Up-to-date: /home/jeffh/ros2_ws/install/my_cpp_pkg/share/my_cpp_pkg/package.dsv
[0.391s] -- Up-to-date: /home/jeffh/ros2_ws/install/my_cpp_pkg/share/ament_index/resource_index/packages/my_cpp_pkg
[0.392s] -- Up-to-date: /home/jeffh/ros2_ws/install/my_cpp_pkg/share/my_cpp_pkg/cmake/my_cpp_pkgConfig.cmake
[0.392s] -- Up-to-date: /home/jeffh/ros2_ws/install/my_cpp_pkg/share/my_cpp_pkg/cmake/my_cpp_pkgConfig-version.cmake
[0.393s] -- Up-to-date: /home/jeffh/ros2_ws/install/my_cpp_pkg/share/my_cpp_pkg/package.xml
[0.393s] Invoked command in '/home/jeffh/ros2_ws/build/my_cpp_pkg' returned '0': CMAKE_PREFIX_PATH=${CMAKE_PREFIX_PATH}:/home/jeffh/ros2_ws/install/tank_control_pkg:/home/jeffh/ros2_ws/install/my_py_pkg:/opt/ros/humble /usr/bin/cmake --install /home/jeffh/ros2_ws/build/my_cpp_pkg
