[0.223s] DEBUG:colcon:Command line arguments: ['/usr/bin/colcon', 'build']
[0.223s] DEBUG:colcon:Parsed command line arguments: Namespace(log_base=None, log_level=None, verb_name='build', build_base='build', install_base='install', merge_install=False, symlink_install=False, test_result_base=None, continue_on_error=False, executor='parallel', parallel_workers=8, event_handlers=None, ignore_user_meta=False, metas=['./colcon.meta'], base_paths=['.'], packages_ignore=None, packages_ignore_regex=None, paths=None, packages_up_to=None, packages_up_to_regex=None, packages_above=None, packages_above_and_dependencies=None, packages_above_depth=None, packages_select_by_dep=None, packages_skip_by_dep=None, packages_skip_up_to=None, packages_select_build_failed=False, packages_skip_build_finished=False, packages_select_test_failures=False, packages_skip_test_passed=False, packages_select=None, packages_skip=None, packages_select_regex=None, packages_skip_regex=None, packages_start=None, packages_end=None, allow_overriding=[], cmake_args=None, cmake_target=None, cmake_target_skip_unavailable=False, cmake_clean_cache=False, cmake_clean_first=False, cmake_force_configure=False, ament_cmake_args=None, catkin_cmake_args=None, catkin_skip_building_tests=False, verb_parser=<colcon_defaults.argument_parser.defaults.DefaultArgumentsDecorator object at 0x7fc0b86b6fb0>, verb_extension=<colcon_core.verb.build.BuildVerb object at 0x7fc0b86b6a40>, main=<bound method BuildVerb.main of <colcon_core.verb.build.BuildVerb object at 0x7fc0b86b6a40>>)
[0.238s] Level 1:colcon.colcon_core.package_discovery:discover_packages(colcon_meta) check parameters
[0.238s] Level 1:colcon.colcon_core.package_discovery:discover_packages(recursive) check parameters
[0.238s] Level 1:colcon.colcon_core.package_discovery:discover_packages(ignore) check parameters
[0.238s] Level 1:colcon.colcon_core.package_discovery:discover_packages(path) check parameters
[0.238s] Level 1:colcon.colcon_core.package_discovery:discover_packages(colcon_meta) discover
[0.238s] Level 1:colcon.colcon_core.package_discovery:discover_packages(recursive) discover
[0.238s] INFO:colcon.colcon_core.package_discovery:Crawling recursively for packages in '/home/jeffh/ros2_ws'
[0.238s] Level 1:colcon.colcon_core.package_identification:_identify(.) by extensions ['ignore', 'ignore_ament_install']
[0.239s] Level 1:colcon.colcon_core.package_identification:_identify(.) by extension 'ignore'
[0.239s] Level 1:colcon.colcon_core.package_identification:_identify(.) by extension 'ignore_ament_install'
[0.239s] Level 1:colcon.colcon_core.package_identification:_identify(.) by extensions ['colcon_pkg']
[0.239s] Level 1:colcon.colcon_core.package_identification:_identify(.) by extension 'colcon_pkg'
[0.239s] Level 1:colcon.colcon_core.package_identification:_identify(.) by extensions ['colcon_meta']
[0.239s] Level 1:colcon.colcon_core.package_identification:_identify(.) by extension 'colcon_meta'
[0.239s] Level 1:colcon.colcon_core.package_identification:_identify(.) by extensions ['ros']
[0.239s] Level 1:colcon.colcon_core.package_identification:_identify(.) by extension 'ros'
[0.245s] Level 1:colcon.colcon_core.package_identification:_identify(.) by extensions ['cmake', 'python']
[0.246s] Level 1:colcon.colcon_core.package_identification:_identify(.) by extension 'cmake'
[0.246s] Level 1:colcon.colcon_core.package_identification:_identify(.) by extension 'python'
[0.246s] Level 1:colcon.colcon_core.package_identification:_identify(.) by extensions ['python_setup_py']
[0.246s] Level 1:colcon.colcon_core.package_identification:_identify(.) by extension 'python_setup_py'
[0.246s] Level 1:colcon.colcon_core.package_identification:_identify(build) by extensions ['ignore', 'ignore_ament_install']
[0.246s] Level 1:colcon.colcon_core.package_identification:_identify(build) by extension 'ignore'
[0.246s] Level 1:colcon.colcon_core.package_identification:_identify(build) ignored
[0.246s] Level 1:colcon.colcon_core.package_identification:_identify(install) by extensions ['ignore', 'ignore_ament_install']
[0.246s] Level 1:colcon.colcon_core.package_identification:_identify(install) by extension 'ignore'
[0.246s] Level 1:colcon.colcon_core.package_identification:_identify(install) ignored
[0.246s] Level 1:colcon.colcon_core.package_identification:_identify(log) by extensions ['ignore', 'ignore_ament_install']
[0.246s] Level 1:colcon.colcon_core.package_identification:_identify(log) by extension 'ignore'
[0.246s] Level 1:colcon.colcon_core.package_identification:_identify(log) ignored
[0.246s] Level 1:colcon.colcon_core.package_identification:_identify(src) by extensions ['ignore', 'ignore_ament_install']
[0.246s] Level 1:colcon.colcon_core.package_identification:_identify(src) by extension 'ignore'
[0.246s] Level 1:colcon.colcon_core.package_identification:_identify(src) by extension 'ignore_ament_install'
[0.246s] Level 1:colcon.colcon_core.package_identification:_identify(src) by extensions ['colcon_pkg']
[0.246s] Level 1:colcon.colcon_core.package_identification:_identify(src) by extension 'colcon_pkg'
[0.246s] Level 1:colcon.colcon_core.package_identification:_identify(src) by extensions ['colcon_meta']
[0.246s] Level 1:colcon.colcon_core.package_identification:_identify(src) by extension 'colcon_meta'
[0.246s] Level 1:colcon.colcon_core.package_identification:_identify(src) by extensions ['ros']
[0.246s] Level 1:colcon.colcon_core.package_identification:_identify(src) by extension 'ros'
[0.246s] Level 1:colcon.colcon_core.package_identification:_identify(src) by extensions ['cmake', 'python']
[0.246s] Level 1:colcon.colcon_core.package_identification:_identify(src) by extension 'cmake'
[0.246s] Level 1:colcon.colcon_core.package_identification:_identify(src) by extension 'python'
[0.246s] Level 1:colcon.colcon_core.package_identification:_identify(src) by extensions ['python_setup_py']
[0.246s] Level 1:colcon.colcon_core.package_identification:_identify(src) by extension 'python_setup_py'
[0.247s] Level 1:colcon.colcon_core.package_identification:_identify(src/my_cpp_pkg) by extensions ['ignore', 'ignore_ament_install']
[0.247s] Level 1:colcon.colcon_core.package_identification:_identify(src/my_cpp_pkg) by extension 'ignore'
[0.247s] Level 1:colcon.colcon_core.package_identification:_identify(src/my_cpp_pkg) by extension 'ignore_ament_install'
[0.247s] Level 1:colcon.colcon_core.package_identification:_identify(src/my_cpp_pkg) by extensions ['colcon_pkg']
[0.247s] Level 1:colcon.colcon_core.package_identification:_identify(src/my_cpp_pkg) by extension 'colcon_pkg'
[0.247s] Level 1:colcon.colcon_core.package_identification:_identify(src/my_cpp_pkg) by extensions ['colcon_meta']
[0.247s] Level 1:colcon.colcon_core.package_identification:_identify(src/my_cpp_pkg) by extension 'colcon_meta'
[0.247s] Level 1:colcon.colcon_core.package_identification:_identify(src/my_cpp_pkg) by extensions ['ros']
[0.247s] Level 1:colcon.colcon_core.package_identification:_identify(src/my_cpp_pkg) by extension 'ros'
[0.248s] DEBUG:colcon.colcon_core.package_identification:Package 'src/my_cpp_pkg' with type 'ros.ament_cmake' and name 'my_cpp_pkg'
[0.248s] Level 1:colcon.colcon_core.package_identification:_identify(src/my_py_pkg) by extensions ['ignore', 'ignore_ament_install']
[0.248s] Level 1:colcon.colcon_core.package_identification:_identify(src/my_py_pkg) by extension 'ignore'
[0.248s] Level 1:colcon.colcon_core.package_identification:_identify(src/my_py_pkg) by extension 'ignore_ament_install'
[0.248s] Level 1:colcon.colcon_core.package_identification:_identify(src/my_py_pkg) by extensions ['colcon_pkg']
[0.248s] Level 1:colcon.colcon_core.package_identification:_identify(src/my_py_pkg) by extension 'colcon_pkg'
[0.248s] Level 1:colcon.colcon_core.package_identification:_identify(src/my_py_pkg) by extensions ['colcon_meta']
[0.248s] Level 1:colcon.colcon_core.package_identification:_identify(src/my_py_pkg) by extension 'colcon_meta'
[0.248s] Level 1:colcon.colcon_core.package_identification:_identify(src/my_py_pkg) by extensions ['ros']
[0.248s] Level 1:colcon.colcon_core.package_identification:_identify(src/my_py_pkg) by extension 'ros'
[0.249s] DEBUG:colcon.colcon_core.package_identification:Package 'src/my_py_pkg' with type 'ros.ament_python' and name 'my_py_pkg'
[0.250s] Level 1:colcon.colcon_core.package_identification:_identify(src/tank_control_pkg) by extensions ['ignore', 'ignore_ament_install']
[0.250s] Level 1:colcon.colcon_core.package_identification:_identify(src/tank_control_pkg) by extension 'ignore'
[0.250s] Level 1:colcon.colcon_core.package_identification:_identify(src/tank_control_pkg) by extension 'ignore_ament_install'
[0.250s] Level 1:colcon.colcon_core.package_identification:_identify(src/tank_control_pkg) by extensions ['colcon_pkg']
[0.250s] Level 1:colcon.colcon_core.package_identification:_identify(src/tank_control_pkg) by extension 'colcon_pkg'
[0.250s] Level 1:colcon.colcon_core.package_identification:_identify(src/tank_control_pkg) by extensions ['colcon_meta']
[0.250s] Level 1:colcon.colcon_core.package_identification:_identify(src/tank_control_pkg) by extension 'colcon_meta'
[0.250s] Level 1:colcon.colcon_core.package_identification:_identify(src/tank_control_pkg) by extensions ['ros']
[0.250s] Level 1:colcon.colcon_core.package_identification:_identify(src/tank_control_pkg) by extension 'ros'
[0.250s] DEBUG:colcon.colcon_core.package_identification:Package 'src/tank_control_pkg' with type 'ros.ament_python' and name 'tank_control_pkg'
[0.250s] Level 1:colcon.colcon_core.package_discovery:discover_packages(recursive) using defaults
[0.250s] Level 1:colcon.colcon_core.package_discovery:discover_packages(ignore) discover
[0.250s] Level 1:colcon.colcon_core.package_discovery:discover_packages(ignore) using defaults
[0.250s] Level 1:colcon.colcon_core.package_discovery:discover_packages(path) discover
[0.250s] Level 1:colcon.colcon_core.package_discovery:discover_packages(path) using defaults
[0.266s] Level 1:colcon.colcon_core.package_discovery:discover_packages(prefix_path) check parameters
[0.266s] Level 1:colcon.colcon_core.package_discovery:discover_packages(prefix_path) discover
[0.269s] DEBUG:colcon.colcon_installed_package_information.package_discovery:Found 3 installed packages in /home/jeffh/ros2_ws/install
[0.270s] DEBUG:colcon.colcon_installed_package_information.package_discovery:Found 270 installed packages in /opt/ros/humble
[0.270s] Level 1:colcon.colcon_core.package_discovery:discover_packages(prefix_path) using defaults
[0.306s] Level 5:colcon.colcon_core.verb:set package 'my_cpp_pkg' build argument 'cmake_args' from command line to 'None'
[0.307s] Level 5:colcon.colcon_core.verb:set package 'my_cpp_pkg' build argument 'cmake_target' from command line to 'None'
[0.307s] Level 5:colcon.colcon_core.verb:set package 'my_cpp_pkg' build argument 'cmake_target_skip_unavailable' from command line to 'False'
[0.307s] Level 5:colcon.colcon_core.verb:set package 'my_cpp_pkg' build argument 'cmake_clean_cache' from command line to 'False'
[0.307s] Level 5:colcon.colcon_core.verb:set package 'my_cpp_pkg' build argument 'cmake_clean_first' from command line to 'False'
[0.307s] Level 5:colcon.colcon_core.verb:set package 'my_cpp_pkg' build argument 'cmake_force_configure' from command line to 'False'
[0.307s] Level 5:colcon.colcon_core.verb:set package 'my_cpp_pkg' build argument 'ament_cmake_args' from command line to 'None'
[0.307s] Level 5:colcon.colcon_core.verb:set package 'my_cpp_pkg' build argument 'catkin_cmake_args' from command line to 'None'
[0.307s] Level 5:colcon.colcon_core.verb:set package 'my_cpp_pkg' build argument 'catkin_skip_building_tests' from command line to 'False'
[0.307s] DEBUG:colcon.colcon_core.verb:Building package 'my_cpp_pkg' with the following arguments: {'ament_cmake_args': None, 'build_base': '/home/jeffh/ros2_ws/build/my_cpp_pkg', 'catkin_cmake_args': None, 'catkin_skip_building_tests': False, 'cmake_args': None, 'cmake_clean_cache': False, 'cmake_clean_first': False, 'cmake_force_configure': False, 'cmake_target': None, 'cmake_target_skip_unavailable': False, 'install_base': '/home/jeffh/ros2_ws/install/my_cpp_pkg', 'merge_install': False, 'path': '/home/jeffh/ros2_ws/src/my_cpp_pkg', 'symlink_install': False, 'test_result_base': None}
[0.307s] Level 5:colcon.colcon_core.verb:set package 'my_py_pkg' build argument 'cmake_args' from command line to 'None'
[0.307s] Level 5:colcon.colcon_core.verb:set package 'my_py_pkg' build argument 'cmake_target' from command line to 'None'
[0.307s] Level 5:colcon.colcon_core.verb:set package 'my_py_pkg' build argument 'cmake_target_skip_unavailable' from command line to 'False'
[0.307s] Level 5:colcon.colcon_core.verb:set package 'my_py_pkg' build argument 'cmake_clean_cache' from command line to 'False'
[0.307s] Level 5:colcon.colcon_core.verb:set package 'my_py_pkg' build argument 'cmake_clean_first' from command line to 'False'
[0.307s] Level 5:colcon.colcon_core.verb:set package 'my_py_pkg' build argument 'cmake_force_configure' from command line to 'False'
[0.307s] Level 5:colcon.colcon_core.verb:set package 'my_py_pkg' build argument 'ament_cmake_args' from command line to 'None'
[0.307s] Level 5:colcon.colcon_core.verb:set package 'my_py_pkg' build argument 'catkin_cmake_args' from command line to 'None'
[0.307s] Level 5:colcon.colcon_core.verb:set package 'my_py_pkg' build argument 'catkin_skip_building_tests' from command line to 'False'
[0.307s] DEBUG:colcon.colcon_core.verb:Building package 'my_py_pkg' with the following arguments: {'ament_cmake_args': None, 'build_base': '/home/jeffh/ros2_ws/build/my_py_pkg', 'catkin_cmake_args': None, 'catkin_skip_building_tests': False, 'cmake_args': None, 'cmake_clean_cache': False, 'cmake_clean_first': False, 'cmake_force_configure': False, 'cmake_target': None, 'cmake_target_skip_unavailable': False, 'install_base': '/home/jeffh/ros2_ws/install/my_py_pkg', 'merge_install': False, 'path': '/home/jeffh/ros2_ws/src/my_py_pkg', 'symlink_install': False, 'test_result_base': None}
[0.308s] Level 5:colcon.colcon_core.verb:set package 'tank_control_pkg' build argument 'cmake_args' from command line to 'None'
[0.308s] Level 5:colcon.colcon_core.verb:set package 'tank_control_pkg' build argument 'cmake_target' from command line to 'None'
[0.308s] Level 5:colcon.colcon_core.verb:set package 'tank_control_pkg' build argument 'cmake_target_skip_unavailable' from command line to 'False'
[0.308s] Level 5:colcon.colcon_core.verb:set package 'tank_control_pkg' build argument 'cmake_clean_cache' from command line to 'False'
[0.308s] Level 5:colcon.colcon_core.verb:set package 'tank_control_pkg' build argument 'cmake_clean_first' from command line to 'False'
[0.308s] Level 5:colcon.colcon_core.verb:set package 'tank_control_pkg' build argument 'cmake_force_configure' from command line to 'False'
[0.308s] Level 5:colcon.colcon_core.verb:set package 'tank_control_pkg' build argument 'ament_cmake_args' from command line to 'None'
[0.308s] Level 5:colcon.colcon_core.verb:set package 'tank_control_pkg' build argument 'catkin_cmake_args' from command line to 'None'
[0.308s] Level 5:colcon.colcon_core.verb:set package 'tank_control_pkg' build argument 'catkin_skip_building_tests' from command line to 'False'
[0.308s] DEBUG:colcon.colcon_core.verb:Building package 'tank_control_pkg' with the following arguments: {'ament_cmake_args': None, 'build_base': '/home/jeffh/ros2_ws/build/tank_control_pkg', 'catkin_cmake_args': None, 'catkin_skip_building_tests': False, 'cmake_args': None, 'cmake_clean_cache': False, 'cmake_clean_first': False, 'cmake_force_configure': False, 'cmake_target': None, 'cmake_target_skip_unavailable': False, 'install_base': '/home/jeffh/ros2_ws/install/tank_control_pkg', 'merge_install': False, 'path': '/home/jeffh/ros2_ws/src/tank_control_pkg', 'symlink_install': False, 'test_result_base': None}
[0.309s] INFO:colcon.colcon_core.executor:Executing jobs using 'parallel' executor
[0.311s] DEBUG:colcon.colcon_parallel_executor.executor.parallel:run_until_complete
[0.311s] INFO:colcon.colcon_ros.task.ament_cmake.build:Building ROS package in '/home/jeffh/ros2_ws/src/my_cpp_pkg' with build type 'ament_cmake'
[0.311s] INFO:colcon.colcon_cmake.task.cmake.build:Building CMake package in '/home/jeffh/ros2_ws/src/my_cpp_pkg'
[0.316s] INFO:colcon.colcon_core.plugin_system:Skipping extension 'colcon_core.shell.bat': Not used on non-Windows systems
[0.316s] INFO:colcon.colcon_core.shell:Skip shell extension 'powershell' for command environment: Not usable outside of PowerShell
[0.316s] DEBUG:colcon.colcon_core.shell:Skip shell extension 'dsv' for command environment
[0.319s] INFO:colcon.colcon_ros.task.ament_python.build:Building ROS package in '/home/jeffh/ros2_ws/src/my_py_pkg' with build type 'ament_python'
[0.319s] Level 1:colcon.colcon_core.shell:create_environment_hook('my_py_pkg', 'ament_prefix_path')
[0.320s] INFO:colcon.colcon_core.shell:Creating environment hook '/home/jeffh/ros2_ws/install/my_py_pkg/share/my_py_pkg/hook/ament_prefix_path.ps1'
[0.321s] INFO:colcon.colcon_core.shell:Creating environment descriptor '/home/jeffh/ros2_ws/install/my_py_pkg/share/my_py_pkg/hook/ament_prefix_path.dsv'
[0.321s] INFO:colcon.colcon_core.shell:Creating environment hook '/home/jeffh/ros2_ws/install/my_py_pkg/share/my_py_pkg/hook/ament_prefix_path.sh'
[0.322s] INFO:colcon.colcon_core.shell:Skip shell extension 'powershell' for command environment: Not usable outside of PowerShell
[0.322s] DEBUG:colcon.colcon_core.shell:Skip shell extension 'dsv' for command environment
[0.325s] INFO:colcon.colcon_ros.task.ament_python.build:Building ROS package in '/home/jeffh/ros2_ws/src/tank_control_pkg' with build type 'ament_python'
[0.326s] Level 1:colcon.colcon_core.shell:create_environment_hook('tank_control_pkg', 'ament_prefix_path')
[0.326s] INFO:colcon.colcon_core.shell:Creating environment hook '/home/jeffh/ros2_ws/install/tank_control_pkg/share/tank_control_pkg/hook/ament_prefix_path.ps1'
[0.327s] INFO:colcon.colcon_core.shell:Creating environment descriptor '/home/jeffh/ros2_ws/install/tank_control_pkg/share/tank_control_pkg/hook/ament_prefix_path.dsv'
[0.327s] INFO:colcon.colcon_core.shell:Creating environment hook '/home/jeffh/ros2_ws/install/tank_control_pkg/share/tank_control_pkg/hook/ament_prefix_path.sh'
[0.328s] INFO:colcon.colcon_core.shell:Skip shell extension 'powershell' for command environment: Not usable outside of PowerShell
[0.328s] DEBUG:colcon.colcon_core.shell:Skip shell extension 'dsv' for command environment
[0.334s] DEBUG:colcon.colcon_core.event_handler.log_command:Invoking command in '/home/jeffh/ros2_ws/build/my_cpp_pkg': CMAKE_PREFIX_PATH=${CMAKE_PREFIX_PATH}:/home/jeffh/ros2_ws/install/tank_control_pkg:/home/jeffh/ros2_ws/install/my_py_pkg:/opt/ros/humble /usr/bin/cmake --build /home/jeffh/ros2_ws/build/my_cpp_pkg -- -j8 -l8
[0.503s] INFO:colcon.colcon_core.task.python.build:Building Python package in '/home/jeffh/ros2_ws/src/my_py_pkg'
[0.504s] INFO:colcon.colcon_core.shell:Skip shell extension 'powershell' for command environment: Not usable outside of PowerShell
[0.504s] DEBUG:colcon.colcon_core.shell:Skip shell extension 'dsv' for command environment
[0.669s] INFO:colcon.colcon_core.task.python.build:Building Python package in '/home/jeffh/ros2_ws/src/tank_control_pkg'
[0.670s] INFO:colcon.colcon_core.shell:Skip shell extension 'powershell' for command environment: Not usable outside of PowerShell
[0.670s] DEBUG:colcon.colcon_core.shell:Skip shell extension 'dsv' for command environment
[0.676s] DEBUG:colcon.colcon_core.event_handler.log_command:Invoked command in '/home/jeffh/ros2_ws/build/my_cpp_pkg' returned '0': CMAKE_PREFIX_PATH=${CMAKE_PREFIX_PATH}:/home/jeffh/ros2_ws/install/tank_control_pkg:/home/jeffh/ros2_ws/install/my_py_pkg:/opt/ros/humble /usr/bin/cmake --build /home/jeffh/ros2_ws/build/my_cpp_pkg -- -j8 -l8
[0.697s] DEBUG:colcon.colcon_core.event_handler.log_command:Invoking command in '/home/jeffh/ros2_ws/build/my_cpp_pkg': CMAKE_PREFIX_PATH=${CMAKE_PREFIX_PATH}:/home/jeffh/ros2_ws/install/tank_control_pkg:/home/jeffh/ros2_ws/install/my_py_pkg:/opt/ros/humble /usr/bin/cmake --install /home/jeffh/ros2_ws/build/my_cpp_pkg
[0.703s] Level 1:colcon.colcon_core.environment:create_environment_scripts_only(my_cpp_pkg)
[0.704s] DEBUG:colcon.colcon_core.event_handler.log_command:Invoked command in '/home/jeffh/ros2_ws/build/my_cpp_pkg' returned '0': CMAKE_PREFIX_PATH=${CMAKE_PREFIX_PATH}:/home/jeffh/ros2_ws/install/tank_control_pkg:/home/jeffh/ros2_ws/install/my_py_pkg:/opt/ros/humble /usr/bin/cmake --install /home/jeffh/ros2_ws/build/my_cpp_pkg
[0.711s] Level 1:colcon.colcon_core.environment:checking '/home/jeffh/ros2_ws/install/my_cpp_pkg' for CMake module files
[0.712s] Level 1:colcon.colcon_core.environment:checking '/home/jeffh/ros2_ws/install/my_cpp_pkg' for CMake config files
[0.712s] Level 1:colcon.colcon_core.shell:create_environment_hook('my_cpp_pkg', 'cmake_prefix_path')
[0.714s] INFO:colcon.colcon_core.shell:Creating environment hook '/home/jeffh/ros2_ws/install/my_cpp_pkg/share/my_cpp_pkg/hook/cmake_prefix_path.ps1'
[0.714s] INFO:colcon.colcon_core.shell:Creating environment descriptor '/home/jeffh/ros2_ws/install/my_cpp_pkg/share/my_cpp_pkg/hook/cmake_prefix_path.dsv'
[0.715s] INFO:colcon.colcon_core.shell:Creating environment hook '/home/jeffh/ros2_ws/install/my_cpp_pkg/share/my_cpp_pkg/hook/cmake_prefix_path.sh'
[0.715s] Level 1:colcon.colcon_core.environment:checking '/home/jeffh/ros2_ws/install/my_cpp_pkg/bin'
[0.715s] Level 1:colcon.colcon_core.environment:checking '/home/jeffh/ros2_ws/install/my_cpp_pkg/lib/pkgconfig/my_cpp_pkg.pc'
[0.716s] Level 1:colcon.colcon_core.environment:checking '/home/jeffh/ros2_ws/install/my_cpp_pkg/lib/python3.10/site-packages'
[0.716s] Level 1:colcon.colcon_core.environment:checking '/home/jeffh/ros2_ws/install/my_cpp_pkg/bin'
[0.717s] INFO:colcon.colcon_core.shell:Creating package script '/home/jeffh/ros2_ws/install/my_cpp_pkg/share/my_cpp_pkg/package.ps1'
[0.718s] INFO:colcon.colcon_core.shell:Creating package descriptor '/home/jeffh/ros2_ws/install/my_cpp_pkg/share/my_cpp_pkg/package.dsv'
[0.719s] INFO:colcon.colcon_core.shell:Creating package script '/home/jeffh/ros2_ws/install/my_cpp_pkg/share/my_cpp_pkg/package.sh'
[0.720s] INFO:colcon.colcon_core.shell:Creating package script '/home/jeffh/ros2_ws/install/my_cpp_pkg/share/my_cpp_pkg/package.bash'
[0.721s] INFO:colcon.colcon_core.shell:Creating package script '/home/jeffh/ros2_ws/install/my_cpp_pkg/share/my_cpp_pkg/package.zsh'
[0.722s] Level 1:colcon.colcon_core.environment:create_file_with_runtime_dependencies(/home/jeffh/ros2_ws/install/my_cpp_pkg/share/colcon-core/packages/my_cpp_pkg)
[0.737s] Level 1:colcon.colcon_core.environment:create_environment_scripts_only(my_cpp_pkg)
[0.739s] Level 1:colcon.colcon_core.environment:checking '/home/jeffh/ros2_ws/install/my_cpp_pkg' for CMake module files
[0.739s] Level 1:colcon.colcon_core.environment:checking '/home/jeffh/ros2_ws/install/my_cpp_pkg' for CMake config files
[0.740s] Level 1:colcon.colcon_core.shell:create_environment_hook('my_cpp_pkg', 'cmake_prefix_path')
[0.741s] INFO:colcon.colcon_core.shell:Creating environment hook '/home/jeffh/ros2_ws/install/my_cpp_pkg/share/my_cpp_pkg/hook/cmake_prefix_path.ps1'
[0.741s] INFO:colcon.colcon_core.shell:Creating environment descriptor '/home/jeffh/ros2_ws/install/my_cpp_pkg/share/my_cpp_pkg/hook/cmake_prefix_path.dsv'
[0.742s] INFO:colcon.colcon_core.shell:Creating environment hook '/home/jeffh/ros2_ws/install/my_cpp_pkg/share/my_cpp_pkg/hook/cmake_prefix_path.sh'
[0.742s] Level 1:colcon.colcon_core.environment:checking '/home/jeffh/ros2_ws/install/my_cpp_pkg/bin'
[0.742s] Level 1:colcon.colcon_core.environment:checking '/home/jeffh/ros2_ws/install/my_cpp_pkg/lib/pkgconfig/my_cpp_pkg.pc'
[0.743s] Level 1:colcon.colcon_core.environment:checking '/home/jeffh/ros2_ws/install/my_cpp_pkg/lib/python3.10/site-packages'
[0.743s] Level 1:colcon.colcon_core.environment:checking '/home/jeffh/ros2_ws/install/my_cpp_pkg/bin'
[0.744s] INFO:colcon.colcon_core.shell:Creating package script '/home/jeffh/ros2_ws/install/my_cpp_pkg/share/my_cpp_pkg/package.ps1'
[0.745s] INFO:colcon.colcon_core.shell:Creating package descriptor '/home/jeffh/ros2_ws/install/my_cpp_pkg/share/my_cpp_pkg/package.dsv'
[0.745s] INFO:colcon.colcon_core.shell:Creating package script '/home/jeffh/ros2_ws/install/my_cpp_pkg/share/my_cpp_pkg/package.sh'
[0.745s] INFO:colcon.colcon_core.shell:Creating package script '/home/jeffh/ros2_ws/install/my_cpp_pkg/share/my_cpp_pkg/package.bash'
[0.746s] INFO:colcon.colcon_core.shell:Creating package script '/home/jeffh/ros2_ws/install/my_cpp_pkg/share/my_cpp_pkg/package.zsh'
[0.746s] Level 1:colcon.colcon_core.environment:create_file_with_runtime_dependencies(/home/jeffh/ros2_ws/install/my_cpp_pkg/share/colcon-core/packages/my_cpp_pkg)
[0.947s] DEBUG:colcon.colcon_core.event_handler.log_command:Invoking command in '/home/jeffh/ros2_ws/src/my_py_pkg': PYTHONPATH=/home/jeffh/ros2_ws/build/my_py_pkg/prefix_override:/home/jeffh/ros2_ws/install/my_py_pkg/lib/python3.10/site-packages:${PYTHONPATH} /usr/bin/python3 setup.py egg_info --egg-base ../../build/my_py_pkg build --build-base /home/jeffh/ros2_ws/build/my_py_pkg/build install --record /home/jeffh/ros2_ws/build/my_py_pkg/install.log --single-version-externally-managed
[0.947s] DEBUG:colcon.colcon_core.event_handler.log_command:Invoking command in '/home/jeffh/ros2_ws/src/tank_control_pkg': PYTHONPATH=/home/jeffh/ros2_ws/build/tank_control_pkg/prefix_override:/home/jeffh/ros2_ws/install/tank_control_pkg/lib/python3.10/site-packages:${PYTHONPATH} /usr/bin/python3 setup.py egg_info --egg-base ../../build/tank_control_pkg build --build-base /home/jeffh/ros2_ws/build/tank_control_pkg/build install --record /home/jeffh/ros2_ws/build/tank_control_pkg/install.log --single-version-externally-managed
[1.148s] Level 1:colcon.colcon_core.environment:checking '/home/jeffh/ros2_ws/install/tank_control_pkg' for CMake module files
[1.149s] DEBUG:colcon.colcon_core.event_handler.log_command:Invoked command in '/home/jeffh/ros2_ws/src/tank_control_pkg' returned '0': PYTHONPATH=/home/jeffh/ros2_ws/build/tank_control_pkg/prefix_override:/home/jeffh/ros2_ws/install/tank_control_pkg/lib/python3.10/site-packages:${PYTHONPATH} /usr/bin/python3 setup.py egg_info --egg-base ../../build/tank_control_pkg build --build-base /home/jeffh/ros2_ws/build/tank_control_pkg/build install --record /home/jeffh/ros2_ws/build/tank_control_pkg/install.log --single-version-externally-managed
[1.149s] Level 1:colcon.colcon_core.environment:checking '/home/jeffh/ros2_ws/install/tank_control_pkg' for CMake config files
[1.149s] Level 1:colcon.colcon_core.environment:checking '/home/jeffh/ros2_ws/install/tank_control_pkg/lib'
[1.150s] Level 1:colcon.colcon_core.environment:checking '/home/jeffh/ros2_ws/install/tank_control_pkg/bin'
[1.150s] Level 1:colcon.colcon_core.environment:checking '/home/jeffh/ros2_ws/install/tank_control_pkg/lib/pkgconfig/tank_control_pkg.pc'
[1.150s] Level 1:colcon.colcon_core.environment:checking '/home/jeffh/ros2_ws/install/tank_control_pkg/lib/python3.10/site-packages'
[1.150s] Level 1:colcon.colcon_core.shell:create_environment_hook('tank_control_pkg', 'pythonpath')
[1.151s] INFO:colcon.colcon_core.shell:Creating environment hook '/home/jeffh/ros2_ws/install/tank_control_pkg/share/tank_control_pkg/hook/pythonpath.ps1'
[1.151s] INFO:colcon.colcon_core.shell:Creating environment descriptor '/home/jeffh/ros2_ws/install/tank_control_pkg/share/tank_control_pkg/hook/pythonpath.dsv'
[1.152s] INFO:colcon.colcon_core.shell:Creating environment hook '/home/jeffh/ros2_ws/install/tank_control_pkg/share/tank_control_pkg/hook/pythonpath.sh'
[1.152s] Level 1:colcon.colcon_core.environment:checking '/home/jeffh/ros2_ws/install/tank_control_pkg/bin'
[1.152s] Level 1:colcon.colcon_core.environment:create_environment_scripts_only(tank_control_pkg)
[1.153s] INFO:colcon.colcon_core.shell:Creating package script '/home/jeffh/ros2_ws/install/tank_control_pkg/share/tank_control_pkg/package.ps1'
[1.153s] INFO:colcon.colcon_core.shell:Creating package descriptor '/home/jeffh/ros2_ws/install/tank_control_pkg/share/tank_control_pkg/package.dsv'
[1.153s] INFO:colcon.colcon_core.shell:Creating package script '/home/jeffh/ros2_ws/install/tank_control_pkg/share/tank_control_pkg/package.sh'
[1.154s] INFO:colcon.colcon_core.shell:Creating package script '/home/jeffh/ros2_ws/install/tank_control_pkg/share/tank_control_pkg/package.bash'
[1.154s] INFO:colcon.colcon_core.shell:Creating package script '/home/jeffh/ros2_ws/install/tank_control_pkg/share/tank_control_pkg/package.zsh'
[1.154s] Level 1:colcon.colcon_core.environment:create_file_with_runtime_dependencies(/home/jeffh/ros2_ws/install/tank_control_pkg/share/colcon-core/packages/tank_control_pkg)
[1.156s] Level 1:colcon.colcon_core.environment:checking '/home/jeffh/ros2_ws/install/my_py_pkg' for CMake module files
[1.156s] DEBUG:colcon.colcon_core.event_handler.log_command:Invoked command in '/home/jeffh/ros2_ws/src/my_py_pkg' returned '0': PYTHONPATH=/home/jeffh/ros2_ws/build/my_py_pkg/prefix_override:/home/jeffh/ros2_ws/install/my_py_pkg/lib/python3.10/site-packages:${PYTHONPATH} /usr/bin/python3 setup.py egg_info --egg-base ../../build/my_py_pkg build --build-base /home/jeffh/ros2_ws/build/my_py_pkg/build install --record /home/jeffh/ros2_ws/build/my_py_pkg/install.log --single-version-externally-managed
[1.157s] Level 1:colcon.colcon_core.environment:checking '/home/jeffh/ros2_ws/install/my_py_pkg' for CMake config files
[1.157s] Level 1:colcon.colcon_core.environment:checking '/home/jeffh/ros2_ws/install/my_py_pkg/lib'
[1.157s] Level 1:colcon.colcon_core.environment:checking '/home/jeffh/ros2_ws/install/my_py_pkg/bin'
[1.157s] Level 1:colcon.colcon_core.environment:checking '/home/jeffh/ros2_ws/install/my_py_pkg/lib/pkgconfig/my_py_pkg.pc'
[1.157s] Level 1:colcon.colcon_core.environment:checking '/home/jeffh/ros2_ws/install/my_py_pkg/lib/python3.10/site-packages'
[1.157s] Level 1:colcon.colcon_core.shell:create_environment_hook('my_py_pkg', 'pythonpath')
[1.158s] INFO:colcon.colcon_core.shell:Creating environment hook '/home/jeffh/ros2_ws/install/my_py_pkg/share/my_py_pkg/hook/pythonpath.ps1'
[1.158s] INFO:colcon.colcon_core.shell:Creating environment descriptor '/home/jeffh/ros2_ws/install/my_py_pkg/share/my_py_pkg/hook/pythonpath.dsv'
[1.158s] INFO:colcon.colcon_core.shell:Creating environment hook '/home/jeffh/ros2_ws/install/my_py_pkg/share/my_py_pkg/hook/pythonpath.sh'
[1.159s] Level 1:colcon.colcon_core.environment:checking '/home/jeffh/ros2_ws/install/my_py_pkg/bin'
[1.159s] Level 1:colcon.colcon_core.environment:create_environment_scripts_only(my_py_pkg)
[1.159s] INFO:colcon.colcon_core.shell:Creating package script '/home/jeffh/ros2_ws/install/my_py_pkg/share/my_py_pkg/package.ps1'
[1.160s] INFO:colcon.colcon_core.shell:Creating package descriptor '/home/jeffh/ros2_ws/install/my_py_pkg/share/my_py_pkg/package.dsv'
[1.160s] INFO:colcon.colcon_core.shell:Creating package script '/home/jeffh/ros2_ws/install/my_py_pkg/share/my_py_pkg/package.sh'
[1.160s] INFO:colcon.colcon_core.shell:Creating package script '/home/jeffh/ros2_ws/install/my_py_pkg/share/my_py_pkg/package.bash'
[1.160s] INFO:colcon.colcon_core.shell:Creating package script '/home/jeffh/ros2_ws/install/my_py_pkg/share/my_py_pkg/package.zsh'
[1.161s] Level 1:colcon.colcon_core.environment:create_file_with_runtime_dependencies(/home/jeffh/ros2_ws/install/my_py_pkg/share/colcon-core/packages/my_py_pkg)
[1.161s] DEBUG:colcon.colcon_parallel_executor.executor.parallel:closing loop
[1.161s] DEBUG:colcon.colcon_parallel_executor.executor.parallel:loop closed
[1.161s] DEBUG:colcon.colcon_parallel_executor.executor.parallel:run_until_complete finished with '0'
[1.161s] DEBUG:colcon.colcon_core.event_reactor:joining thread
[1.165s] INFO:colcon.colcon_core.plugin_system:Skipping extension 'colcon_notification.desktop_notification.terminal_notifier': Not used on non-Darwin systems
[1.166s] INFO:colcon.colcon_core.plugin_system:Skipping extension 'colcon_notification.desktop_notification.win32': Not used on non-Windows systems
[1.166s] INFO:colcon.colcon_notification.desktop_notification:Sending desktop notification using 'notify2'
[1.175s] DEBUG:colcon.colcon_core.event_reactor:joined thread
[1.176s] INFO:colcon.colcon_core.shell:Creating prefix script '/home/jeffh/ros2_ws/install/local_setup.ps1'
[1.177s] INFO:colcon.colcon_core.shell:Creating prefix util module '/home/jeffh/ros2_ws/install/_local_setup_util_ps1.py'
[1.178s] INFO:colcon.colcon_core.shell:Creating prefix chain script '/home/jeffh/ros2_ws/install/setup.ps1'
[1.180s] INFO:colcon.colcon_core.shell:Creating prefix script '/home/jeffh/ros2_ws/install/local_setup.sh'
[1.180s] INFO:colcon.colcon_core.shell:Creating prefix util module '/home/jeffh/ros2_ws/install/_local_setup_util_sh.py'
[1.180s] INFO:colcon.colcon_core.shell:Creating prefix chain script '/home/jeffh/ros2_ws/install/setup.sh'
[1.181s] INFO:colcon.colcon_core.shell:Creating prefix script '/home/jeffh/ros2_ws/install/local_setup.bash'
[1.182s] INFO:colcon.colcon_core.shell:Creating prefix chain script '/home/jeffh/ros2_ws/install/setup.bash'
[1.183s] INFO:colcon.colcon_core.shell:Creating prefix script '/home/jeffh/ros2_ws/install/local_setup.zsh'
[1.183s] INFO:colcon.colcon_core.shell:Creating prefix chain script '/home/jeffh/ros2_ws/install/setup.zsh'
