[0.380s] Invoking command in '/home/jeffh/ros2_ws/src/tank_control_pkg': PYTHONPATH=/home/jeffh/ros2_ws/build/tank_control_pkg/prefix_override:/home/jeffh/ros2_ws/install/tank_control_pkg/lib/python3.10/site-packages:${PYTHONPATH} /usr/bin/python3 setup.py egg_info --egg-base ../../build/tank_control_pkg build --build-base /home/jeffh/ros2_ws/build/tank_control_pkg/build install --record /home/jeffh/ros2_ws/build/tank_control_pkg/install.log --single-version-externally-managed
[0.522s] running egg_info
[0.522s] creating ../../build/tank_control_pkg/tank_control_pkg.egg-info
[0.522s] writing ../../build/tank_control_pkg/tank_control_pkg.egg-info/PKG-INFO
[0.522s] writing dependency_links to ../../build/tank_control_pkg/tank_control_pkg.egg-info/dependency_links.txt
[0.523s] writing entry points to ../../build/tank_control_pkg/tank_control_pkg.egg-info/entry_points.txt
[0.523s] writing requirements to ../../build/tank_control_pkg/tank_control_pkg.egg-info/requires.txt
[0.523s] writing top-level names to ../../build/tank_control_pkg/tank_control_pkg.egg-info/top_level.txt
[0.523s] writing manifest file '../../build/tank_control_pkg/tank_control_pkg.egg-info/SOURCES.txt'
[0.524s] reading manifest file '../../build/tank_control_pkg/tank_control_pkg.egg-info/SOURCES.txt'
[0.524s] writing manifest file '../../build/tank_control_pkg/tank_control_pkg.egg-info/SOURCES.txt'
[0.524s] running build
[0.524s] running build_py
[0.525s] creating /home/jeffh/ros2_ws/build/tank_control_pkg/build
[0.525s] creating /home/jeffh/ros2_ws/build/tank_control_pkg/build/lib
[0.525s] creating /home/jeffh/ros2_ws/build/tank_control_pkg/build/lib/tank_control_pkg
[0.525s] copying tank_control_pkg/tank_control.py -> /home/jeffh/ros2_ws/build/tank_control_pkg/build/lib/tank_control_pkg
[0.525s] copying tank_control_pkg/__init__.py -> /home/jeffh/ros2_ws/build/tank_control_pkg/build/lib/tank_control_pkg
[0.525s] running install
[0.525s] running install_lib
[0.525s] creating /home/jeffh/ros2_ws/install/tank_control_pkg/lib/python3.10/site-packages/tank_control_pkg
[0.525s] copying /home/jeffh/ros2_ws/build/tank_control_pkg/build/lib/tank_control_pkg/tank_control.py -> /home/jeffh/ros2_ws/install/tank_control_pkg/lib/python3.10/site-packages/tank_control_pkg
[0.525s] copying /home/jeffh/ros2_ws/build/tank_control_pkg/build/lib/tank_control_pkg/__init__.py -> /home/jeffh/ros2_ws/install/tank_control_pkg/lib/python3.10/site-packages/tank_control_pkg
[0.526s] byte-compiling /home/jeffh/ros2_ws/install/tank_control_pkg/lib/python3.10/site-packages/tank_control_pkg/tank_control.py to tank_control.cpython-310.pyc
[0.526s] byte-compiling /home/jeffh/ros2_ws/install/tank_control_pkg/lib/python3.10/site-packages/tank_control_pkg/__init__.py to __init__.cpython-310.pyc
[0.526s] running install_data
[0.527s] creating /home/jeffh/ros2_ws/install/tank_control_pkg/share/ament_index
[0.527s] creating /home/jeffh/ros2_ws/install/tank_control_pkg/share/ament_index/resource_index
[0.527s] creating /home/jeffh/ros2_ws/install/tank_control_pkg/share/ament_index/resource_index/packages
[0.527s] copying resource/tank_control_pkg -> /home/jeffh/ros2_ws/install/tank_control_pkg/share/ament_index/resource_index/packages
[0.527s] copying package.xml -> /home/jeffh/ros2_ws/install/tank_control_pkg/share/tank_control_pkg
[0.527s] running install_egg_info
[0.528s] Copying ../../build/tank_control_pkg/tank_control_pkg.egg-info to /home/jeffh/ros2_ws/install/tank_control_pkg/lib/python3.10/site-packages/tank_control_pkg-0.0.0-py3.10.egg-info
[0.528s] running install_scripts
[0.541s] Installing tank_control script to /home/jeffh/ros2_ws/install/tank_control_pkg/lib/tank_control_pkg
[0.541s] writing list of installed files to '/home/jeffh/ros2_ws/build/tank_control_pkg/install.log'
[0.561s] Invoked command in '/home/jeffh/ros2_ws/src/tank_control_pkg' returned '0': PYTHONPATH=/home/jeffh/ros2_ws/build/tank_control_pkg/prefix_override:/home/jeffh/ros2_ws/install/tank_control_pkg/lib/python3.10/site-packages:${PYTHONPATH} /usr/bin/python3 setup.py egg_info --egg-base ../../build/tank_control_pkg build --build-base /home/jeffh/ros2_ws/build/tank_control_pkg/build install --record /home/jeffh/ros2_ws/build/tank_control_pkg/install.log --single-version-externally-managed
