running egg_info
creating ../../build/tank_control_pkg/tank_control_pkg.egg-info
writing ../../build/tank_control_pkg/tank_control_pkg.egg-info/PKG-INFO
writing dependency_links to ../../build/tank_control_pkg/tank_control_pkg.egg-info/dependency_links.txt
writing entry points to ../../build/tank_control_pkg/tank_control_pkg.egg-info/entry_points.txt
writing requirements to ../../build/tank_control_pkg/tank_control_pkg.egg-info/requires.txt
writing top-level names to ../../build/tank_control_pkg/tank_control_pkg.egg-info/top_level.txt
writing manifest file '../../build/tank_control_pkg/tank_control_pkg.egg-info/SOURCES.txt'
reading manifest file '../../build/tank_control_pkg/tank_control_pkg.egg-info/SOURCES.txt'
writing manifest file '../../build/tank_control_pkg/tank_control_pkg.egg-info/SOURCES.txt'
running build
running build_py
creating /home/jeffh/ros2_ws/build/tank_control_pkg/build
creating /home/jeffh/ros2_ws/build/tank_control_pkg/build/lib
creating /home/jeffh/ros2_ws/build/tank_control_pkg/build/lib/tank_control_pkg
copying tank_control_pkg/tank_control.py -> /home/jeffh/ros2_ws/build/tank_control_pkg/build/lib/tank_control_pkg
copying tank_control_pkg/__init__.py -> /home/jeffh/ros2_ws/build/tank_control_pkg/build/lib/tank_control_pkg
running install
running install_lib
creating /home/jeffh/ros2_ws/install/tank_control_pkg/lib/python3.10/site-packages/tank_control_pkg
copying /home/jeffh/ros2_ws/build/tank_control_pkg/build/lib/tank_control_pkg/tank_control.py -> /home/jeffh/ros2_ws/install/tank_control_pkg/lib/python3.10/site-packages/tank_control_pkg
copying /home/jeffh/ros2_ws/build/tank_control_pkg/build/lib/tank_control_pkg/__init__.py -> /home/jeffh/ros2_ws/install/tank_control_pkg/lib/python3.10/site-packages/tank_control_pkg
byte-compiling /home/jeffh/ros2_ws/install/tank_control_pkg/lib/python3.10/site-packages/tank_control_pkg/tank_control.py to tank_control.cpython-310.pyc
byte-compiling /home/jeffh/ros2_ws/install/tank_control_pkg/lib/python3.10/site-packages/tank_control_pkg/__init__.py to __init__.cpython-310.pyc
running install_data
creating /home/jeffh/ros2_ws/install/tank_control_pkg/share/ament_index
creating /home/jeffh/ros2_ws/install/tank_control_pkg/share/ament_index/resource_index
creating /home/jeffh/ros2_ws/install/tank_control_pkg/share/ament_index/resource_index/packages
copying resource/tank_control_pkg -> /home/jeffh/ros2_ws/install/tank_control_pkg/share/ament_index/resource_index/packages
copying package.xml -> /home/jeffh/ros2_ws/install/tank_control_pkg/share/tank_control_pkg
running install_egg_info
Copying ../../build/tank_control_pkg/tank_control_pkg.egg-info to /home/jeffh/ros2_ws/install/tank_control_pkg/lib/python3.10/site-packages/tank_control_pkg-0.0.0-py3.10.egg-info
running install_scripts
writing list of installed files to '/home/jeffh/ros2_ws/build/tank_control_pkg/install.log'
