[0.594s] DEBUG:colcon:Command line arguments: ['/usr/bin/colcon', 'build']
[0.594s] DEBUG:colcon:Parsed command line arguments: Namespace(log_base=None, log_level=None, verb_name='build', build_base='build', install_base='install', merge_install=False, symlink_install=False, test_result_base=None, continue_on_error=False, executor='parallel', parallel_workers=8, event_handlers=None, ignore_user_meta=False, metas=['./colcon.meta'], base_paths=['.'], packages_ignore=None, packages_ignore_regex=None, paths=None, packages_up_to=None, packages_up_to_regex=None, packages_above=None, packages_above_and_dependencies=None, packages_above_depth=None, packages_select_by_dep=None, packages_skip_by_dep=None, packages_skip_up_to=None, packages_select_build_failed=False, packages_skip_build_finished=False, packages_select_test_failures=False, packages_skip_test_passed=False, packages_select=None, packages_skip=None, packages_select_regex=None, packages_skip_regex=None, packages_start=None, packages_end=None, allow_overriding=[], cmake_args=None, cmake_target=None, cmake_target_skip_unavailable=False, cmake_clean_cache=False, cmake_clean_first=False, cmake_force_configure=False, ament_cmake_args=None, catkin_cmake_args=None, catkin_skip_building_tests=False, verb_parser=<colcon_defaults.argument_parser.defaults.DefaultArgumentsDecorator object at 0x7f84de466f50>, verb_extension=<colcon_core.verb.build.BuildVerb object at 0x7f84de465c90>, main=<bound method BuildVerb.main of <colcon_core.verb.build.BuildVerb object at 0x7f84de465c90>>)
[0.637s] Level 1:colcon.colcon_core.package_discovery:discover_packages(colcon_meta) check parameters
[0.637s] Level 1:colcon.colcon_core.package_discovery:discover_packages(recursive) check parameters
[0.637s] Level 1:colcon.colcon_core.package_discovery:discover_packages(ignore) check parameters
[0.637s] Level 1:colcon.colcon_core.package_discovery:discover_packages(path) check parameters
[0.637s] Level 1:colcon.colcon_core.package_discovery:discover_packages(colcon_meta) discover
[0.637s] Level 1:colcon.colcon_core.package_discovery:discover_packages(recursive) discover
[0.637s] INFO:colcon.colcon_core.package_discovery:Crawling recursively for packages in '/home/jeffh/ros2_ws'
[0.637s] Level 1:colcon.colcon_core.package_identification:_identify(.) by extensions ['ignore', 'ignore_ament_install']
[0.637s] Level 1:colcon.colcon_core.package_identification:_identify(.) by extension 'ignore'
[0.638s] Level 1:colcon.colcon_core.package_identification:_identify(.) by extension 'ignore_ament_install'
[0.638s] Level 1:colcon.colcon_core.package_identification:_identify(.) by extensions ['colcon_pkg']
[0.638s] Level 1:colcon.colcon_core.package_identification:_identify(.) by extension 'colcon_pkg'
[0.638s] Level 1:colcon.colcon_core.package_identification:_identify(.) by extensions ['colcon_meta']
[0.638s] Level 1:colcon.colcon_core.package_identification:_identify(.) by extension 'colcon_meta'
[0.638s] Level 1:colcon.colcon_core.package_identification:_identify(.) by extensions ['ros']
[0.638s] Level 1:colcon.colcon_core.package_identification:_identify(.) by extension 'ros'
[0.647s] Level 1:colcon.colcon_core.package_identification:_identify(.) by extensions ['cmake', 'python']
[0.647s] Level 1:colcon.colcon_core.package_identification:_identify(.) by extension 'cmake'
[0.647s] Level 1:colcon.colcon_core.package_identification:_identify(.) by extension 'python'
[0.647s] Level 1:colcon.colcon_core.package_identification:_identify(.) by extensions ['python_setup_py']
[0.647s] Level 1:colcon.colcon_core.package_identification:_identify(.) by extension 'python_setup_py'
[0.647s] Level 1:colcon.colcon_core.package_identification:_identify(build) by extensions ['ignore', 'ignore_ament_install']
[0.648s] Level 1:colcon.colcon_core.package_identification:_identify(build) by extension 'ignore'
[0.648s] Level 1:colcon.colcon_core.package_identification:_identify(build) ignored
[0.648s] Level 1:colcon.colcon_core.package_identification:_identify(config) by extensions ['ignore', 'ignore_ament_install']
[0.648s] Level 1:colcon.colcon_core.package_identification:_identify(config) by extension 'ignore'
[0.648s] Level 1:colcon.colcon_core.package_identification:_identify(config) by extension 'ignore_ament_install'
[0.648s] Level 1:colcon.colcon_core.package_identification:_identify(config) by extensions ['colcon_pkg']
[0.648s] Level 1:colcon.colcon_core.package_identification:_identify(config) by extension 'colcon_pkg'
[0.648s] Level 1:colcon.colcon_core.package_identification:_identify(config) by extensions ['colcon_meta']
[0.648s] Level 1:colcon.colcon_core.package_identification:_identify(config) by extension 'colcon_meta'
[0.648s] Level 1:colcon.colcon_core.package_identification:_identify(config) by extensions ['ros']
[0.648s] Level 1:colcon.colcon_core.package_identification:_identify(config) by extension 'ros'
[0.648s] Level 1:colcon.colcon_core.package_identification:_identify(config) by extensions ['cmake', 'python']
[0.648s] Level 1:colcon.colcon_core.package_identification:_identify(config) by extension 'cmake'
[0.648s] Level 1:colcon.colcon_core.package_identification:_identify(config) by extension 'python'
[0.648s] Level 1:colcon.colcon_core.package_identification:_identify(config) by extensions ['python_setup_py']
[0.648s] Level 1:colcon.colcon_core.package_identification:_identify(config) by extension 'python_setup_py'
[0.648s] Level 1:colcon.colcon_core.package_identification:_identify(img) by extensions ['ignore', 'ignore_ament_install']
[0.648s] Level 1:colcon.colcon_core.package_identification:_identify(img) by extension 'ignore'
[0.648s] Level 1:colcon.colcon_core.package_identification:_identify(img) by extension 'ignore_ament_install'
[0.648s] Level 1:colcon.colcon_core.package_identification:_identify(img) by extensions ['colcon_pkg']
[0.648s] Level 1:colcon.colcon_core.package_identification:_identify(img) by extension 'colcon_pkg'
[0.648s] Level 1:colcon.colcon_core.package_identification:_identify(img) by extensions ['colcon_meta']
[0.648s] Level 1:colcon.colcon_core.package_identification:_identify(img) by extension 'colcon_meta'
[0.648s] Level 1:colcon.colcon_core.package_identification:_identify(img) by extensions ['ros']
[0.648s] Level 1:colcon.colcon_core.package_identification:_identify(img) by extension 'ros'
[0.648s] Level 1:colcon.colcon_core.package_identification:_identify(img) by extensions ['cmake', 'python']
[0.648s] Level 1:colcon.colcon_core.package_identification:_identify(img) by extension 'cmake'
[0.648s] Level 1:colcon.colcon_core.package_identification:_identify(img) by extension 'python'
[0.648s] Level 1:colcon.colcon_core.package_identification:_identify(img) by extensions ['python_setup_py']
[0.648s] Level 1:colcon.colcon_core.package_identification:_identify(img) by extension 'python_setup_py'
[0.648s] Level 1:colcon.colcon_core.package_identification:_identify(install) by extensions ['ignore', 'ignore_ament_install']
[0.648s] Level 1:colcon.colcon_core.package_identification:_identify(install) by extension 'ignore'
[0.649s] Level 1:colcon.colcon_core.package_identification:_identify(install) ignored
[0.649s] Level 1:colcon.colcon_core.package_identification:_identify(launch) by extensions ['ignore', 'ignore_ament_install']
[0.649s] Level 1:colcon.colcon_core.package_identification:_identify(launch) by extension 'ignore'
[0.649s] Level 1:colcon.colcon_core.package_identification:_identify(launch) by extension 'ignore_ament_install'
[0.649s] Level 1:colcon.colcon_core.package_identification:_identify(launch) by extensions ['colcon_pkg']
[0.649s] Level 1:colcon.colcon_core.package_identification:_identify(launch) by extension 'colcon_pkg'
[0.649s] Level 1:colcon.colcon_core.package_identification:_identify(launch) by extensions ['colcon_meta']
[0.649s] Level 1:colcon.colcon_core.package_identification:_identify(launch) by extension 'colcon_meta'
[0.649s] Level 1:colcon.colcon_core.package_identification:_identify(launch) by extensions ['ros']
[0.649s] Level 1:colcon.colcon_core.package_identification:_identify(launch) by extension 'ros'
[0.649s] Level 1:colcon.colcon_core.package_identification:_identify(launch) by extensions ['cmake', 'python']
[0.649s] Level 1:colcon.colcon_core.package_identification:_identify(launch) by extension 'cmake'
[0.649s] Level 1:colcon.colcon_core.package_identification:_identify(launch) by extension 'python'
[0.649s] Level 1:colcon.colcon_core.package_identification:_identify(launch) by extensions ['python_setup_py']
[0.649s] Level 1:colcon.colcon_core.package_identification:_identify(launch) by extension 'python_setup_py'
[0.649s] Level 1:colcon.colcon_core.package_identification:_identify(log) by extensions ['ignore', 'ignore_ament_install']
[0.649s] Level 1:colcon.colcon_core.package_identification:_identify(log) by extension 'ignore'
[0.649s] Level 1:colcon.colcon_core.package_identification:_identify(log) ignored
[0.649s] Level 1:colcon.colcon_core.package_identification:_identify(src) by extensions ['ignore', 'ignore_ament_install']
[0.649s] Level 1:colcon.colcon_core.package_identification:_identify(src) by extension 'ignore'
[0.649s] Level 1:colcon.colcon_core.package_identification:_identify(src) by extension 'ignore_ament_install'
[0.649s] Level 1:colcon.colcon_core.package_identification:_identify(src) by extensions ['colcon_pkg']
[0.649s] Level 1:colcon.colcon_core.package_identification:_identify(src) by extension 'colcon_pkg'
[0.649s] Level 1:colcon.colcon_core.package_identification:_identify(src) by extensions ['colcon_meta']
[0.649s] Level 1:colcon.colcon_core.package_identification:_identify(src) by extension 'colcon_meta'
[0.649s] Level 1:colcon.colcon_core.package_identification:_identify(src) by extensions ['ros']
[0.649s] Level 1:colcon.colcon_core.package_identification:_identify(src) by extension 'ros'
[0.649s] Level 1:colcon.colcon_core.package_identification:_identify(src) by extensions ['cmake', 'python']
[0.649s] Level 1:colcon.colcon_core.package_identification:_identify(src) by extension 'cmake'
[0.649s] Level 1:colcon.colcon_core.package_identification:_identify(src) by extension 'python'
[0.649s] Level 1:colcon.colcon_core.package_identification:_identify(src) by extensions ['python_setup_py']
[0.649s] Level 1:colcon.colcon_core.package_identification:_identify(src) by extension 'python_setup_py'
[0.649s] Level 1:colcon.colcon_core.package_identification:_identify(src/led_control_pkg) by extensions ['ignore', 'ignore_ament_install']
[0.649s] Level 1:colcon.colcon_core.package_identification:_identify(src/led_control_pkg) by extension 'ignore'
[0.650s] Level 1:colcon.colcon_core.package_identification:_identify(src/led_control_pkg) by extension 'ignore_ament_install'
[0.650s] Level 1:colcon.colcon_core.package_identification:_identify(src/led_control_pkg) by extensions ['colcon_pkg']
[0.650s] Level 1:colcon.colcon_core.package_identification:_identify(src/led_control_pkg) by extension 'colcon_pkg'
[0.650s] Level 1:colcon.colcon_core.package_identification:_identify(src/led_control_pkg) by extensions ['colcon_meta']
[0.650s] Level 1:colcon.colcon_core.package_identification:_identify(src/led_control_pkg) by extension 'colcon_meta'
[0.650s] Level 1:colcon.colcon_core.package_identification:_identify(src/led_control_pkg) by extensions ['ros']
[0.650s] Level 1:colcon.colcon_core.package_identification:_identify(src/led_control_pkg) by extension 'ros'
[0.652s] DEBUG:colcon.colcon_core.package_identification:Package 'src/led_control_pkg' with type 'ros.ament_python' and name 'led_control_pkg'
[0.652s] Level 1:colcon.colcon_core.package_identification:_identify(src/tank_control_pkg) by extensions ['ignore', 'ignore_ament_install']
[0.652s] Level 1:colcon.colcon_core.package_identification:_identify(src/tank_control_pkg) by extension 'ignore'
[0.652s] Level 1:colcon.colcon_core.package_identification:_identify(src/tank_control_pkg) by extension 'ignore_ament_install'
[0.652s] Level 1:colcon.colcon_core.package_identification:_identify(src/tank_control_pkg) by extensions ['colcon_pkg']
[0.652s] Level 1:colcon.colcon_core.package_identification:_identify(src/tank_control_pkg) by extension 'colcon_pkg'
[0.652s] Level 1:colcon.colcon_core.package_identification:_identify(src/tank_control_pkg) by extensions ['colcon_meta']
[0.652s] Level 1:colcon.colcon_core.package_identification:_identify(src/tank_control_pkg) by extension 'colcon_meta'
[0.652s] Level 1:colcon.colcon_core.package_identification:_identify(src/tank_control_pkg) by extensions ['ros']
[0.652s] Level 1:colcon.colcon_core.package_identification:_identify(src/tank_control_pkg) by extension 'ros'
[0.653s] DEBUG:colcon.colcon_core.package_identification:Package 'src/tank_control_pkg' with type 'ros.ament_python' and name 'tank_control_pkg'
[0.653s] Level 1:colcon.colcon_core.package_discovery:discover_packages(recursive) using defaults
[0.653s] Level 1:colcon.colcon_core.package_discovery:discover_packages(ignore) discover
[0.653s] Level 1:colcon.colcon_core.package_discovery:discover_packages(ignore) using defaults
[0.653s] Level 1:colcon.colcon_core.package_discovery:discover_packages(path) discover
[0.653s] Level 1:colcon.colcon_core.package_discovery:discover_packages(path) using defaults
[0.710s] Level 1:colcon.colcon_core.package_discovery:discover_packages(prefix_path) check parameters
[0.710s] Level 1:colcon.colcon_core.package_discovery:discover_packages(prefix_path) discover
[0.728s] DEBUG:colcon.colcon_installed_package_information.package_discovery:Found 2 installed packages in /home/jeffh/ros2_ws/install
[0.736s] DEBUG:colcon.colcon_installed_package_information.package_discovery:Found 270 installed packages in /opt/ros/humble
[0.737s] Level 1:colcon.colcon_core.package_discovery:discover_packages(prefix_path) using defaults
[0.787s] Level 5:colcon.colcon_core.verb:set package 'led_control_pkg' build argument 'cmake_args' from command line to 'None'
[0.787s] Level 5:colcon.colcon_core.verb:set package 'led_control_pkg' build argument 'cmake_target' from command line to 'None'
[0.787s] Level 5:colcon.colcon_core.verb:set package 'led_control_pkg' build argument 'cmake_target_skip_unavailable' from command line to 'False'
[0.788s] Level 5:colcon.colcon_core.verb:set package 'led_control_pkg' build argument 'cmake_clean_cache' from command line to 'False'
[0.788s] Level 5:colcon.colcon_core.verb:set package 'led_control_pkg' build argument 'cmake_clean_first' from command line to 'False'
[0.788s] Level 5:colcon.colcon_core.verb:set package 'led_control_pkg' build argument 'cmake_force_configure' from command line to 'False'
[0.788s] Level 5:colcon.colcon_core.verb:set package 'led_control_pkg' build argument 'ament_cmake_args' from command line to 'None'
[0.788s] Level 5:colcon.colcon_core.verb:set package 'led_control_pkg' build argument 'catkin_cmake_args' from command line to 'None'
[0.788s] Level 5:colcon.colcon_core.verb:set package 'led_control_pkg' build argument 'catkin_skip_building_tests' from command line to 'False'
[0.788s] DEBUG:colcon.colcon_core.verb:Building package 'led_control_pkg' with the following arguments: {'ament_cmake_args': None, 'build_base': '/home/jeffh/ros2_ws/build/led_control_pkg', 'catkin_cmake_args': None, 'catkin_skip_building_tests': False, 'cmake_args': None, 'cmake_clean_cache': False, 'cmake_clean_first': False, 'cmake_force_configure': False, 'cmake_target': None, 'cmake_target_skip_unavailable': False, 'install_base': '/home/jeffh/ros2_ws/install/led_control_pkg', 'merge_install': False, 'path': '/home/jeffh/ros2_ws/src/led_control_pkg', 'symlink_install': False, 'test_result_base': None}
[0.795s] Level 5:colcon.colcon_core.verb:set package 'tank_control_pkg' build argument 'cmake_args' from command line to 'None'
[0.795s] Level 5:colcon.colcon_core.verb:set package 'tank_control_pkg' build argument 'cmake_target' from command line to 'None'
[0.795s] Level 5:colcon.colcon_core.verb:set package 'tank_control_pkg' build argument 'cmake_target_skip_unavailable' from command line to 'False'
[0.795s] Level 5:colcon.colcon_core.verb:set package 'tank_control_pkg' build argument 'cmake_clean_cache' from command line to 'False'
[0.796s] Level 5:colcon.colcon_core.verb:set package 'tank_control_pkg' build argument 'cmake_clean_first' from command line to 'False'
[0.796s] Level 5:colcon.colcon_core.verb:set package 'tank_control_pkg' build argument 'cmake_force_configure' from command line to 'False'
[0.796s] Level 5:colcon.colcon_core.verb:set package 'tank_control_pkg' build argument 'ament_cmake_args' from command line to 'None'
[0.796s] Level 5:colcon.colcon_core.verb:set package 'tank_control_pkg' build argument 'catkin_cmake_args' from command line to 'None'
[0.796s] Level 5:colcon.colcon_core.verb:set package 'tank_control_pkg' build argument 'catkin_skip_building_tests' from command line to 'False'
[0.796s] DEBUG:colcon.colcon_core.verb:Building package 'tank_control_pkg' with the following arguments: {'ament_cmake_args': None, 'build_base': '/home/jeffh/ros2_ws/build/tank_control_pkg', 'catkin_cmake_args': None, 'catkin_skip_building_tests': False, 'cmake_args': None, 'cmake_clean_cache': False, 'cmake_clean_first': False, 'cmake_force_configure': False, 'cmake_target': None, 'cmake_target_skip_unavailable': False, 'install_base': '/home/jeffh/ros2_ws/install/tank_control_pkg', 'merge_install': False, 'path': '/home/jeffh/ros2_ws/src/tank_control_pkg', 'symlink_install': False, 'test_result_base': None}
[0.803s] INFO:colcon.colcon_core.executor:Executing jobs using 'parallel' executor
[0.811s] DEBUG:colcon.colcon_parallel_executor.executor.parallel:run_until_complete
[0.811s] INFO:colcon.colcon_ros.task.ament_python.build:Building ROS package in '/home/jeffh/ros2_ws/src/led_control_pkg' with build type 'ament_python'
[0.811s] Level 1:colcon.colcon_core.shell:create_environment_hook('led_control_pkg', 'ament_prefix_path')
[0.825s] INFO:colcon.colcon_core.plugin_system:Skipping extension 'colcon_core.shell.bat': Not used on non-Windows systems
[0.826s] INFO:colcon.colcon_core.shell:Creating environment hook '/home/jeffh/ros2_ws/install/led_control_pkg/share/led_control_pkg/hook/ament_prefix_path.ps1'
[0.826s] INFO:colcon.colcon_core.shell:Creating environment descriptor '/home/jeffh/ros2_ws/install/led_control_pkg/share/led_control_pkg/hook/ament_prefix_path.dsv'
[0.827s] INFO:colcon.colcon_core.shell:Creating environment hook '/home/jeffh/ros2_ws/install/led_control_pkg/share/led_control_pkg/hook/ament_prefix_path.sh'
[0.835s] INFO:colcon.colcon_core.shell:Skip shell extension 'powershell' for command environment: Not usable outside of PowerShell
[0.835s] DEBUG:colcon.colcon_core.shell:Skip shell extension 'dsv' for command environment
[0.861s] INFO:colcon.colcon_ros.task.ament_python.build:Building ROS package in '/home/jeffh/ros2_ws/src/tank_control_pkg' with build type 'ament_python'
[0.861s] Level 1:colcon.colcon_core.shell:create_environment_hook('tank_control_pkg', 'ament_prefix_path')
[0.869s] INFO:colcon.colcon_core.shell:Creating environment hook '/home/jeffh/ros2_ws/install/tank_control_pkg/share/tank_control_pkg/hook/ament_prefix_path.ps1'
[0.870s] INFO:colcon.colcon_core.shell:Creating environment descriptor '/home/jeffh/ros2_ws/install/tank_control_pkg/share/tank_control_pkg/hook/ament_prefix_path.dsv'
[0.870s] INFO:colcon.colcon_core.shell:Creating environment hook '/home/jeffh/ros2_ws/install/tank_control_pkg/share/tank_control_pkg/hook/ament_prefix_path.sh'
[0.878s] INFO:colcon.colcon_core.shell:Skip shell extension 'powershell' for command environment: Not usable outside of PowerShell
[0.878s] DEBUG:colcon.colcon_core.shell:Skip shell extension 'dsv' for command environment
[1.068s] INFO:colcon.colcon_core.task.python.build:Building Python package in '/home/jeffh/ros2_ws/src/led_control_pkg'
[1.076s] INFO:colcon.colcon_core.shell:Skip shell extension 'powershell' for command environment: Not usable outside of PowerShell
[1.076s] DEBUG:colcon.colcon_core.shell:Skip shell extension 'dsv' for command environment
[1.273s] INFO:colcon.colcon_core.task.python.build:Building Python package in '/home/jeffh/ros2_ws/src/tank_control_pkg'
[1.281s] INFO:colcon.colcon_core.shell:Skip shell extension 'powershell' for command environment: Not usable outside of PowerShell
[1.281s] DEBUG:colcon.colcon_core.shell:Skip shell extension 'dsv' for command environment
[1.554s] DEBUG:colcon.colcon_core.event_handler.log_command:Invoking command in '/home/jeffh/ros2_ws/src/led_control_pkg': PYTHONPATH=/home/jeffh/ros2_ws/build/led_control_pkg/prefix_override:/home/jeffh/ros2_ws/install/led_control_pkg/lib/python3.10/site-packages:${PYTHONPATH} /usr/bin/python3 setup.py egg_info --egg-base ../../build/led_control_pkg build --build-base /home/jeffh/ros2_ws/build/led_control_pkg/build install --record /home/jeffh/ros2_ws/build/led_control_pkg/install.log --single-version-externally-managed
[1.556s] DEBUG:colcon.colcon_core.event_handler.log_command:Invoking command in '/home/jeffh/ros2_ws/src/tank_control_pkg': PYTHONPATH=/home/jeffh/ros2_ws/build/tank_control_pkg/prefix_override:/home/jeffh/ros2_ws/install/tank_control_pkg/lib/python3.10/site-packages:${PYTHONPATH} /usr/bin/python3 setup.py egg_info --egg-base ../../build/tank_control_pkg build --build-base /home/jeffh/ros2_ws/build/tank_control_pkg/build install --record /home/jeffh/ros2_ws/build/tank_control_pkg/install.log --single-version-externally-managed
[1.751s] DEBUG:colcon.colcon_core.event_handler.log_command:Invoked command in '/home/jeffh/ros2_ws/src/tank_control_pkg' returned '0': PYTHONPATH=/home/jeffh/ros2_ws/build/tank_control_pkg/prefix_override:/home/jeffh/ros2_ws/install/tank_control_pkg/lib/python3.10/site-packages:${PYTHONPATH} /usr/bin/python3 setup.py egg_info --egg-base ../../build/tank_control_pkg build --build-base /home/jeffh/ros2_ws/build/tank_control_pkg/build install --record /home/jeffh/ros2_ws/build/tank_control_pkg/install.log --single-version-externally-managed
[1.763s] Level 1:colcon.colcon_core.environment:checking '/home/jeffh/ros2_ws/install/tank_control_pkg' for CMake module files
[1.763s] Level 1:colcon.colcon_core.environment:checking '/home/jeffh/ros2_ws/install/tank_control_pkg' for CMake config files
[1.764s] Level 1:colcon.colcon_core.environment:checking '/home/jeffh/ros2_ws/install/tank_control_pkg/lib'
[1.764s] Level 1:colcon.colcon_core.environment:checking '/home/jeffh/ros2_ws/install/tank_control_pkg/bin'
[1.764s] Level 1:colcon.colcon_core.environment:checking '/home/jeffh/ros2_ws/install/tank_control_pkg/lib/pkgconfig/tank_control_pkg.pc'
[1.764s] Level 1:colcon.colcon_core.environment:checking '/home/jeffh/ros2_ws/install/tank_control_pkg/lib/python3.10/site-packages'
[1.764s] Level 1:colcon.colcon_core.shell:create_environment_hook('tank_control_pkg', 'pythonpath')
[1.772s] INFO:colcon.colcon_core.shell:Creating environment hook '/home/jeffh/ros2_ws/install/tank_control_pkg/share/tank_control_pkg/hook/pythonpath.ps1'
[1.773s] INFO:colcon.colcon_core.shell:Creating environment descriptor '/home/jeffh/ros2_ws/install/tank_control_pkg/share/tank_control_pkg/hook/pythonpath.dsv'
[1.773s] INFO:colcon.colcon_core.shell:Creating environment hook '/home/jeffh/ros2_ws/install/tank_control_pkg/share/tank_control_pkg/hook/pythonpath.sh'
[1.773s] Level 1:colcon.colcon_core.environment:checking '/home/jeffh/ros2_ws/install/tank_control_pkg/bin'
[1.773s] Level 1:colcon.colcon_core.environment:create_environment_scripts_only(tank_control_pkg)
[1.782s] INFO:colcon.colcon_core.shell:Creating package script '/home/jeffh/ros2_ws/install/tank_control_pkg/share/tank_control_pkg/package.ps1'
[1.783s] INFO:colcon.colcon_core.shell:Creating package descriptor '/home/jeffh/ros2_ws/install/tank_control_pkg/share/tank_control_pkg/package.dsv'
[1.783s] INFO:colcon.colcon_core.shell:Creating package script '/home/jeffh/ros2_ws/install/tank_control_pkg/share/tank_control_pkg/package.sh'
[1.784s] INFO:colcon.colcon_core.shell:Creating package script '/home/jeffh/ros2_ws/install/tank_control_pkg/share/tank_control_pkg/package.bash'
[1.784s] INFO:colcon.colcon_core.shell:Creating package script '/home/jeffh/ros2_ws/install/tank_control_pkg/share/tank_control_pkg/package.zsh'
[1.785s] Level 1:colcon.colcon_core.environment:create_file_with_runtime_dependencies(/home/jeffh/ros2_ws/install/tank_control_pkg/share/colcon-core/packages/tank_control_pkg)
[1.786s] DEBUG:colcon.colcon_core.event_handler.log_command:Invoked command in '/home/jeffh/ros2_ws/src/led_control_pkg' returned '0': PYTHONPATH=/home/jeffh/ros2_ws/build/led_control_pkg/prefix_override:/home/jeffh/ros2_ws/install/led_control_pkg/lib/python3.10/site-packages:${PYTHONPATH} /usr/bin/python3 setup.py egg_info --egg-base ../../build/led_control_pkg build --build-base /home/jeffh/ros2_ws/build/led_control_pkg/build install --record /home/jeffh/ros2_ws/build/led_control_pkg/install.log --single-version-externally-managed
[1.794s] Level 1:colcon.colcon_core.environment:checking '/home/jeffh/ros2_ws/install/led_control_pkg' for CMake module files
[1.795s] Level 1:colcon.colcon_core.environment:checking '/home/jeffh/ros2_ws/install/led_control_pkg' for CMake config files
[1.795s] Level 1:colcon.colcon_core.environment:checking '/home/jeffh/ros2_ws/install/led_control_pkg/lib'
[1.795s] Level 1:colcon.colcon_core.environment:checking '/home/jeffh/ros2_ws/install/led_control_pkg/bin'
[1.795s] Level 1:colcon.colcon_core.environment:checking '/home/jeffh/ros2_ws/install/led_control_pkg/lib/pkgconfig/led_control_pkg.pc'
[1.795s] Level 1:colcon.colcon_core.environment:checking '/home/jeffh/ros2_ws/install/led_control_pkg/lib/python3.10/site-packages'
[1.795s] Level 1:colcon.colcon_core.shell:create_environment_hook('led_control_pkg', 'pythonpath')
[1.803s] INFO:colcon.colcon_core.shell:Creating environment hook '/home/jeffh/ros2_ws/install/led_control_pkg/share/led_control_pkg/hook/pythonpath.ps1'
[1.804s] INFO:colcon.colcon_core.shell:Creating environment descriptor '/home/jeffh/ros2_ws/install/led_control_pkg/share/led_control_pkg/hook/pythonpath.dsv'
[1.804s] INFO:colcon.colcon_core.shell:Creating environment hook '/home/jeffh/ros2_ws/install/led_control_pkg/share/led_control_pkg/hook/pythonpath.sh'
[1.804s] Level 1:colcon.colcon_core.environment:checking '/home/jeffh/ros2_ws/install/led_control_pkg/bin'
[1.804s] Level 1:colcon.colcon_core.environment:create_environment_scripts_only(led_control_pkg)
[1.812s] INFO:colcon.colcon_core.shell:Creating package script '/home/jeffh/ros2_ws/install/led_control_pkg/share/led_control_pkg/package.ps1'
[1.813s] INFO:colcon.colcon_core.shell:Creating package descriptor '/home/jeffh/ros2_ws/install/led_control_pkg/share/led_control_pkg/package.dsv'
[1.813s] INFO:colcon.colcon_core.shell:Creating package script '/home/jeffh/ros2_ws/install/led_control_pkg/share/led_control_pkg/package.sh'
[1.813s] INFO:colcon.colcon_core.shell:Creating package script '/home/jeffh/ros2_ws/install/led_control_pkg/share/led_control_pkg/package.bash'
[1.813s] INFO:colcon.colcon_core.shell:Creating package script '/home/jeffh/ros2_ws/install/led_control_pkg/share/led_control_pkg/package.zsh'
[1.814s] Level 1:colcon.colcon_core.environment:create_file_with_runtime_dependencies(/home/jeffh/ros2_ws/install/led_control_pkg/share/colcon-core/packages/led_control_pkg)
[1.814s] DEBUG:colcon.colcon_parallel_executor.executor.parallel:closing loop
[1.814s] DEBUG:colcon.colcon_parallel_executor.executor.parallel:loop closed
[1.814s] DEBUG:colcon.colcon_parallel_executor.executor.parallel:run_until_complete finished with '0'
[1.814s] DEBUG:colcon.colcon_core.event_reactor:joining thread
[1.826s] INFO:colcon.colcon_core.plugin_system:Skipping extension 'colcon_notification.desktop_notification.terminal_notifier': Not used on non-Darwin systems
[1.826s] INFO:colcon.colcon_core.plugin_system:Skipping extension 'colcon_notification.desktop_notification.win32': Not used on non-Windows systems
[1.827s] INFO:colcon.colcon_notification.desktop_notification:Sending desktop notification using 'notify2'
[1.838s] DEBUG:colcon.colcon_core.event_reactor:joined thread
[1.847s] INFO:colcon.colcon_core.shell:Creating prefix script '/home/jeffh/ros2_ws/install/local_setup.ps1'
[1.848s] INFO:colcon.colcon_core.shell:Creating prefix util module '/home/jeffh/ros2_ws/install/_local_setup_util_ps1.py'
[1.849s] INFO:colcon.colcon_core.shell:Creating prefix chain script '/home/jeffh/ros2_ws/install/setup.ps1'
[1.858s] INFO:colcon.colcon_core.shell:Creating prefix script '/home/jeffh/ros2_ws/install/local_setup.sh'
[1.859s] INFO:colcon.colcon_core.shell:Creating prefix util module '/home/jeffh/ros2_ws/install/_local_setup_util_sh.py'
[1.859s] INFO:colcon.colcon_core.shell:Creating prefix chain script '/home/jeffh/ros2_ws/install/setup.sh'
[1.868s] INFO:colcon.colcon_core.shell:Creating prefix script '/home/jeffh/ros2_ws/install/local_setup.bash'
[1.869s] INFO:colcon.colcon_core.shell:Creating prefix chain script '/home/jeffh/ros2_ws/install/setup.bash'
[1.877s] INFO:colcon.colcon_core.shell:Creating prefix script '/home/jeffh/ros2_ws/install/local_setup.zsh'
[1.878s] INFO:colcon.colcon_core.shell:Creating prefix chain script '/home/jeffh/ros2_ws/install/setup.zsh'
