[0.013s] Invoking command in '/home/jeffh/ros2_ws/build/my_cpp_pkg': CMAKE_PREFIX_PATH=/opt/ros/humble /usr/bin/cmake /home/jeffh/ros2_ws/src/my_cpp_pkg -DCMAKE_INSTALL_PREFIX=/home/jeffh/ros2_ws/install/my_cpp_pkg
[0.108s] -- The C compiler identification is GNU 11.4.0
[0.155s] -- The CXX compiler identification is GNU 11.4.0
[0.164s] -- Detecting C compiler ABI info
[0.212s] -- Detecting C compiler ABI info - done
[0.217s] -- Check for working C compiler: /usr/bin/cc - skipped
[0.217s] -- Detecting C compile features
[0.218s] -- Detecting C compile features - done
[0.221s] -- Detecting CXX compiler ABI info
[0.274s] -- Detecting CXX compiler ABI info - done
[0.281s] -- Check for working CXX compiler: /usr/bin/c++ - skipped
[0.281s] -- Detecting CXX compile features
[0.281s] -- Detecting CXX compile features - done
[0.284s] -- Found ament_cmake: 1.3.5 (/opt/ros/humble/share/ament_cmake/cmake)
[0.403s] -- Found Python3: /usr/bin/python3.10 (found version "3.10.12") found components: Interpreter 
[0.482s] -- Found rclcpp: 16.0.5 (/opt/ros/humble/share/rclcpp/cmake)
[0.529s] -- Found rosidl_generator_c: 3.1.5 (/opt/ros/humble/share/rosidl_generator_c/cmake)
[0.536s] -- Found rosidl_adapter: 3.1.5 (/opt/ros/humble/share/rosidl_adapter/cmake)
[0.548s] -- Found rosidl_generator_cpp: 3.1.5 (/opt/ros/humble/share/rosidl_generator_cpp/cmake)
[0.562s] -- Using all available rosidl_typesupport_c: rosidl_typesupport_fastrtps_c;rosidl_typesupport_introspection_c
[0.581s] -- Using all available rosidl_typesupport_cpp: rosidl_typesupport_fastrtps_cpp;rosidl_typesupport_introspection_cpp
[0.644s] -- Found rmw_implementation_cmake: 6.1.1 (/opt/ros/humble/share/rmw_implementation_cmake/cmake)
[0.649s] -- Found rmw_fastrtps_cpp: 6.2.3 (/opt/ros/humble/share/rmw_fastrtps_cpp/cmake)
[0.723s] -- Found OpenSSL: /usr/lib/x86_64-linux-gnu/libcrypto.so (found version "3.0.2")  
[0.742s] -- Found FastRTPS: /opt/ros/humble/include  
[0.771s] -- Using RMW implementation 'rmw_fastrtps_cpp' as default
[0.779s] -- Looking for pthread.h
[0.826s] -- Looking for pthread.h - found
[0.827s] -- Performing Test CMAKE_HAVE_LIBC_PTHREAD
[0.876s] -- Performing Test CMAKE_HAVE_LIBC_PTHREAD - Success
[0.877s] -- Found Threads: TRUE  
[0.998s] -- Found ament_lint_auto: 0.12.7 (/opt/ros/humble/share/ament_lint_auto/cmake)
[1.056s] -- Added test 'lint_cmake' to check CMake code style
[1.057s] -- Added test 'xmllint' to check XML markup files
[1.058s] -- Configuring done
[1.061s] -- Generating done
[1.062s] -- Build files have been written to: /home/jeffh/ros2_ws/build/my_cpp_pkg
[1.069s] Invoked command in '/home/jeffh/ros2_ws/build/my_cpp_pkg' returned '0': CMAKE_PREFIX_PATH=/opt/ros/humble /usr/bin/cmake /home/jeffh/ros2_ws/src/my_cpp_pkg -DCMAKE_INSTALL_PREFIX=/home/jeffh/ros2_ws/install/my_cpp_pkg
[1.071s] Invoking command in '/home/jeffh/ros2_ws/build/my_cpp_pkg': CMAKE_PREFIX_PATH=/opt/ros/humble /usr/bin/cmake --build /home/jeffh/ros2_ws/build/my_cpp_pkg -- -j8 -l8
[1.099s] Invoked command in '/home/jeffh/ros2_ws/build/my_cpp_pkg' returned '0': CMAKE_PREFIX_PATH=/opt/ros/humble /usr/bin/cmake --build /home/jeffh/ros2_ws/build/my_cpp_pkg -- -j8 -l8
[1.121s] Invoking command in '/home/jeffh/ros2_ws/build/my_cpp_pkg': CMAKE_PREFIX_PATH=/opt/ros/humble /usr/bin/cmake --install /home/jeffh/ros2_ws/build/my_cpp_pkg
[1.125s] -- Install configuration: ""
[1.126s] -- Installing: /home/jeffh/ros2_ws/install/my_cpp_pkg/share/ament_index/resource_index/package_run_dependencies/my_cpp_pkg
[1.126s] -- Installing: /home/jeffh/ros2_ws/install/my_cpp_pkg/share/ament_index/resource_index/parent_prefix_path/my_cpp_pkg
[1.126s] -- Installing: /home/jeffh/ros2_ws/install/my_cpp_pkg/share/my_cpp_pkg/environment/ament_prefix_path.sh
[1.126s] -- Installing: /home/jeffh/ros2_ws/install/my_cpp_pkg/share/my_cpp_pkg/environment/ament_prefix_path.dsv
[1.126s] -- Installing: /home/jeffh/ros2_ws/install/my_cpp_pkg/share/my_cpp_pkg/environment/path.sh
[1.126s] -- Installing: /home/jeffh/ros2_ws/install/my_cpp_pkg/share/my_cpp_pkg/environment/path.dsv
[1.126s] -- Installing: /home/jeffh/ros2_ws/install/my_cpp_pkg/share/my_cpp_pkg/local_setup.bash
[1.126s] -- Installing: /home/jeffh/ros2_ws/install/my_cpp_pkg/share/my_cpp_pkg/local_setup.sh
[1.126s] -- Installing: /home/jeffh/ros2_ws/install/my_cpp_pkg/share/my_cpp_pkg/local_setup.zsh
[1.126s] -- Installing: /home/jeffh/ros2_ws/install/my_cpp_pkg/share/my_cpp_pkg/local_setup.dsv
[1.126s] -- Installing: /home/jeffh/ros2_ws/install/my_cpp_pkg/share/my_cpp_pkg/package.dsv
[1.126s] -- Installing: /home/jeffh/ros2_ws/install/my_cpp_pkg/share/ament_index/resource_index/packages/my_cpp_pkg
[1.126s] -- Installing: /home/jeffh/ros2_ws/install/my_cpp_pkg/share/my_cpp_pkg/cmake/my_cpp_pkgConfig.cmake
[1.126s] -- Installing: /home/jeffh/ros2_ws/install/my_cpp_pkg/share/my_cpp_pkg/cmake/my_cpp_pkgConfig-version.cmake
[1.126s] -- Installing: /home/jeffh/ros2_ws/install/my_cpp_pkg/share/my_cpp_pkg/package.xml
[1.128s] Invoked command in '/home/jeffh/ros2_ws/build/my_cpp_pkg' returned '0': CMAKE_PREFIX_PATH=/opt/ros/humble /usr/bin/cmake --install /home/jeffh/ros2_ws/build/my_cpp_pkg
