[0.386s] Invoking command in '/home/jeffh/ros2_ws/src/tank_control_pkg': PYTHONPATH=/home/jeffh/ros2_ws/build/tank_control_pkg/prefix_override:/home/jeffh/ros2_ws/install/tank_control_pkg/lib/python3.10/site-packages:${PYTHONPATH} /usr/bin/python3 setup.py egg_info --egg-base ../../build/tank_control_pkg build --build-base /home/jeffh/ros2_ws/build/tank_control_pkg/build install --record /home/jeffh/ros2_ws/build/tank_control_pkg/install.log --single-version-externally-managed
[0.535s] running egg_info
[0.535s] writing ../../build/tank_control_pkg/tank_control_pkg.egg-info/PKG-INFO
[0.535s] writing dependency_links to ../../build/tank_control_pkg/tank_control_pkg.egg-info/dependency_links.txt
[0.535s] writing entry points to ../../build/tank_control_pkg/tank_control_pkg.egg-info/entry_points.txt
[0.535s] writing requirements to ../../build/tank_control_pkg/tank_control_pkg.egg-info/requires.txt
[0.535s] writing top-level names to ../../build/tank_control_pkg/tank_control_pkg.egg-info/top_level.txt
[0.536s] reading manifest file '../../build/tank_control_pkg/tank_control_pkg.egg-info/SOURCES.txt'
[0.537s] writing manifest file '../../build/tank_control_pkg/tank_control_pkg.egg-info/SOURCES.txt'
[0.537s] running build
[0.537s] running build_py
[0.537s] copying tank_control_pkg/tank_control.py -> /home/jeffh/ros2_ws/build/tank_control_pkg/build/lib/tank_control_pkg
[0.537s] running install
[0.538s] running install_lib
[0.538s] copying /home/jeffh/ros2_ws/build/tank_control_pkg/build/lib/tank_control_pkg/tank_control.py -> /home/jeffh/ros2_ws/install/tank_control_pkg/lib/python3.10/site-packages/tank_control_pkg
[0.538s] byte-compiling /home/jeffh/ros2_ws/install/tank_control_pkg/lib/python3.10/site-packages/tank_control_pkg/tank_control.py to tank_control.cpython-310.pyc
[0.539s] running install_data
[0.539s] running install_egg_info
[0.540s] removing '/home/jeffh/ros2_ws/install/tank_control_pkg/lib/python3.10/site-packages/tank_control_pkg-0.0.0-py3.10.egg-info' (and everything under it)
[0.540s] Copying ../../build/tank_control_pkg/tank_control_pkg.egg-info to /home/jeffh/ros2_ws/install/tank_control_pkg/lib/python3.10/site-packages/tank_control_pkg-0.0.0-py3.10.egg-info
[0.541s] running install_scripts
[0.554s] Installing tank_control script to /home/jeffh/ros2_ws/install/tank_control_pkg/lib/tank_control_pkg
[0.554s] writing list of installed files to '/home/jeffh/ros2_ws/build/tank_control_pkg/install.log'
[0.574s] Invoked command in '/home/jeffh/ros2_ws/src/tank_control_pkg' returned '0': PYTHONPATH=/home/jeffh/ros2_ws/build/tank_control_pkg/prefix_override:/home/jeffh/ros2_ws/install/tank_control_pkg/lib/python3.10/site-packages:${PYTHONPATH} /usr/bin/python3 setup.py egg_info --egg-base ../../build/tank_control_pkg build --build-base /home/jeffh/ros2_ws/build/tank_control_pkg/build install --record /home/jeffh/ros2_ws/build/tank_control_pkg/install.log --single-version-externally-managed
