[0.663s] Invoking command in '/home/jeffh/ros2_ws/src/tank_control_pkg': PYTHONPATH=/home/jeffh/ros2_ws/build/tank_control_pkg/prefix_override:/home/jeffh/ros2_ws/install/tank_control_pkg/lib/python3.10/site-packages:${PYTHONPATH} /usr/bin/python3 setup.py egg_info --egg-base ../../build/tank_control_pkg build --build-base /home/jeffh/ros2_ws/build/tank_control_pkg/build install --record /home/jeffh/ros2_ws/build/tank_control_pkg/install.log --single-version-externally-managed
[0.816s] running egg_info
[0.816s] writing ../../build/tank_control_pkg/tank_control_pkg.egg-info/PKG-INFO
[0.816s] writing dependency_links to ../../build/tank_control_pkg/tank_control_pkg.egg-info/dependency_links.txt
[0.816s] writing entry points to ../../build/tank_control_pkg/tank_control_pkg.egg-info/entry_points.txt
[0.816s] writing requirements to ../../build/tank_control_pkg/tank_control_pkg.egg-info/requires.txt
[0.816s] writing top-level names to ../../build/tank_control_pkg/tank_control_pkg.egg-info/top_level.txt
[0.817s] reading manifest file '../../build/tank_control_pkg/tank_control_pkg.egg-info/SOURCES.txt'
[0.818s] writing manifest file '../../build/tank_control_pkg/tank_control_pkg.egg-info/SOURCES.txt'
[0.818s] running build
[0.818s] running build_py
[0.819s] running install
[0.819s] running install_lib
[0.820s] running install_data
[0.820s] running install_egg_info
[0.821s] removing '/home/jeffh/ros2_ws/install/tank_control_pkg/lib/python3.10/site-packages/tank_control_pkg-0.0.0-py3.10.egg-info' (and everything under it)
[0.821s] Copying ../../build/tank_control_pkg/tank_control_pkg.egg-info to /home/jeffh/ros2_ws/install/tank_control_pkg/lib/python3.10/site-packages/tank_control_pkg-0.0.0-py3.10.egg-info
[0.822s] running install_scripts
[0.835s] Installing tank_control script to /home/jeffh/ros2_ws/install/tank_control_pkg/lib/tank_control_pkg
[0.835s] writing list of installed files to '/home/jeffh/ros2_ws/build/tank_control_pkg/install.log'
[0.888s] Invoked command in '/home/jeffh/ros2_ws/src/tank_control_pkg' returned '0': PYTHONPATH=/home/jeffh/ros2_ws/build/tank_control_pkg/prefix_override:/home/jeffh/ros2_ws/install/tank_control_pkg/lib/python3.10/site-packages:${PYTHONPATH} /usr/bin/python3 setup.py egg_info --egg-base ../../build/tank_control_pkg build --build-base /home/jeffh/ros2_ws/build/tank_control_pkg/build install --record /home/jeffh/ros2_ws/build/tank_control_pkg/install.log --single-version-externally-managed
