running egg_info
writing ../../build/tank_control_pkg/tank_control_pkg.egg-info/PKG-INFO
writing dependency_links to ../../build/tank_control_pkg/tank_control_pkg.egg-info/dependency_links.txt
writing entry points to ../../build/tank_control_pkg/tank_control_pkg.egg-info/entry_points.txt
writing requirements to ../../build/tank_control_pkg/tank_control_pkg.egg-info/requires.txt
writing top-level names to ../../build/tank_control_pkg/tank_control_pkg.egg-info/top_level.txt
reading manifest file '../../build/tank_control_pkg/tank_control_pkg.egg-info/SOURCES.txt'
writing manifest file '../../build/tank_control_pkg/tank_control_pkg.egg-info/SOURCES.txt'
running build
running build_py
running install
running install_lib
running install_data
copying package.xml -> /home/jeffh/ros2_ws/install/tank_control_pkg/share/tank_control_pkg
running install_egg_info
removing '/home/jeffh/ros2_ws/install/tank_control_pkg/lib/python3.10/site-packages/tank_control_pkg-0.0.0-py3.10.egg-info' (and everything under it)
Copying ../../build/tank_control_pkg/tank_control_pkg.egg-info to /home/jeffh/ros2_ws/install/tank_control_pkg/lib/python3.10/site-packages/tank_control_pkg-0.0.0-py3.10.egg-info
running install_scripts
Installing py_node script to /home/jeffh/ros2_ws/install/tank_control_pkg/lib/tank_control_pkg
writing list of installed files to '/home/jeffh/ros2_ws/build/tank_control_pkg/install.log'
