[0.708s] Invoking command in '/home/jeffh/ros2_ws/src/led_control_pkg': PYTHONPATH=/home/jeffh/ros2_ws/build/led_control_pkg/prefix_override:/home/jeffh/ros2_ws/install/led_control_pkg/lib/python3.10/site-packages:${PYTHONPATH} /usr/bin/python3 setup.py egg_info --egg-base ../../build/led_control_pkg build --build-base /home/jeffh/ros2_ws/build/led_control_pkg/build install --record /home/jeffh/ros2_ws/build/led_control_pkg/install.log --single-version-externally-managed
[0.856s] running egg_info
[0.856s] writing ../../build/led_control_pkg/led_control_pkg.egg-info/PKG-INFO
[0.856s] writing dependency_links to ../../build/led_control_pkg/led_control_pkg.egg-info/dependency_links.txt
[0.856s] writing entry points to ../../build/led_control_pkg/led_control_pkg.egg-info/entry_points.txt
[0.857s] writing requirements to ../../build/led_control_pkg/led_control_pkg.egg-info/requires.txt
[0.857s] writing top-level names to ../../build/led_control_pkg/led_control_pkg.egg-info/top_level.txt
[0.858s] reading manifest file '../../build/led_control_pkg/led_control_pkg.egg-info/SOURCES.txt'
[0.859s] writing manifest file '../../build/led_control_pkg/led_control_pkg.egg-info/SOURCES.txt'
[0.859s] running build
[0.859s] running build_py
[0.859s] running install
[0.859s] running install_lib
[0.860s] running install_data
[0.860s] running install_egg_info
[0.861s] removing '/home/jeffh/ros2_ws/install/led_control_pkg/lib/python3.10/site-packages/led_control_pkg-0.0.0-py3.10.egg-info' (and everything under it)
[0.861s] Copying ../../build/led_control_pkg/led_control_pkg.egg-info to /home/jeffh/ros2_ws/install/led_control_pkg/lib/python3.10/site-packages/led_control_pkg-0.0.0-py3.10.egg-info
[0.862s] running install_scripts
[0.875s] Installing led_control script to /home/jeffh/ros2_ws/install/led_control_pkg/lib/led_control_pkg
[0.875s] writing list of installed files to '/home/jeffh/ros2_ws/build/led_control_pkg/install.log'
[0.900s] Invoked command in '/home/jeffh/ros2_ws/src/led_control_pkg' returned '0': PYTHONPATH=/home/jeffh/ros2_ws/build/led_control_pkg/prefix_override:/home/jeffh/ros2_ws/install/led_control_pkg/lib/python3.10/site-packages:${PYTHONPATH} /usr/bin/python3 setup.py egg_info --egg-base ../../build/led_control_pkg build --build-base /home/jeffh/ros2_ws/build/led_control_pkg/build install --record /home/jeffh/ros2_ws/build/led_control_pkg/install.log --single-version-externally-managed
